make --dry-run --always-make --keep-going --print-directory
make: Entering directory '/home/paul/projects/wyrd/WyrdEngine'
echo "==== Building glad (debug) ===="
make --no-print-directory -C buildsystem -f glad.make config=debug
echo Creating linux/bin-int/Debug/glad
mkdir -p linux/bin-int/Debug/glad
echo glad.c
cc   -MD -MP  -I../Wyrd/vendor/glad/include -m64 -g  -o "linux/bin-int/Debug/glad/glad.o" -MF "linux/bin-int/Debug/glad/glad.d" -c "../Wyrd/vendor/glad/src/glad.c"
echo Creating linux/bin/Debug/glad
mkdir -p linux/bin/Debug/glad
echo Linking glad
ar -rcs "linux/bin/Debug/glad/libglad.a" linux/bin-int/Debug/glad/glad.o 
:
echo "==== Building jsonxx (debug) ===="
make --no-print-directory -C buildsystem -f jsonxx.make config=debug
echo Creating linux/bin-int/Debug/jsonxx
mkdir -p linux/bin-int/Debug/jsonxx
echo jsonxx.cc
g++   -MD -MP  -I../dependencies/jsonxx -m64 -g -std=c++17  -o "linux/bin-int/Debug/jsonxx/jsonxx.o" -MF "linux/bin-int/Debug/jsonxx/jsonxx.d" -c "../dependencies/jsonxx/jsonxx.cc"
echo jsonxx_test.cc
g++   -MD -MP  -I../dependencies/jsonxx -m64 -g -std=c++17  -o "linux/bin-int/Debug/jsonxx/jsonxx_test.o" -MF "linux/bin-int/Debug/jsonxx/jsonxx_test.d" -c "../dependencies/jsonxx/jsonxx_test.cc"
echo Creating linux/bin/Debug/jsonxx
mkdir -p linux/bin/Debug/jsonxx
echo Linking jsonxx
ar -rcs "linux/bin/Debug/jsonxx/libjsonxx.a" linux/bin-int/Debug/jsonxx/jsonxx.o linux/bin-int/Debug/jsonxx/jsonxx_test.o 
:
echo "==== Building imgui (debug) ===="
make --no-print-directory -C buildsystem -f imgui.make config=debug
echo Creating linux/bin-int/Debug/imgui
mkdir -p linux/bin-int/Debug/imgui
echo imgui.cpp
g++   -MD -MP  -I../dependencies/imgui -m64 -g -std=c++17  -o "linux/bin-int/Debug/imgui/imgui.o" -MF "linux/bin-int/Debug/imgui/imgui.d" -c "../dependencies/imgui/imgui.cpp"
echo imgui_demo.cpp
g++   -MD -MP  -I../dependencies/imgui -m64 -g -std=c++17  -o "linux/bin-int/Debug/imgui/imgui_demo.o" -MF "linux/bin-int/Debug/imgui/imgui_demo.d" -c "../dependencies/imgui/imgui_demo.cpp"
echo imgui_draw.cpp
g++   -MD -MP  -I../dependencies/imgui -m64 -g -std=c++17  -o "linux/bin-int/Debug/imgui/imgui_draw.o" -MF "linux/bin-int/Debug/imgui/imgui_draw.d" -c "../dependencies/imgui/imgui_draw.cpp"
echo imgui_tables.cpp
g++   -MD -MP  -I../dependencies/imgui -m64 -g -std=c++17  -o "linux/bin-int/Debug/imgui/imgui_tables.o" -MF "linux/bin-int/Debug/imgui/imgui_tables.d" -c "../dependencies/imgui/imgui_tables.cpp"
echo imgui_widgets.cpp
g++   -MD -MP  -I../dependencies/imgui -m64 -g -std=c++17  -o "linux/bin-int/Debug/imgui/imgui_widgets.o" -MF "linux/bin-int/Debug/imgui/imgui_widgets.d" -c "../dependencies/imgui/imgui_widgets.cpp"
echo imgui_stdlib.cpp
g++   -MD -MP  -I../dependencies/imgui -m64 -g -std=c++17  -o "linux/bin-int/Debug/imgui/imgui_stdlib.o" -MF "linux/bin-int/Debug/imgui/imgui_stdlib.d" -c "../dependencies/imgui/misc/cpp/imgui_stdlib.cpp"
echo Creating linux/bin/Debug/imgui
mkdir -p linux/bin/Debug/imgui
echo Linking imgui
ar -rcs "linux/bin/Debug/imgui/libimgui.a" linux/bin-int/Debug/imgui/imgui.o linux/bin-int/Debug/imgui/imgui_demo.o linux/bin-int/Debug/imgui/imgui_draw.o linux/bin-int/Debug/imgui/imgui_tables.o linux/bin-int/Debug/imgui/imgui_widgets.o linux/bin-int/Debug/imgui/imgui_stdlib.o 
:
echo "==== Building Wyrd (debug) ===="
make --no-print-directory -C Wyrd -f Makefile config=debug
echo Creating ../obj/Debug/Wyrd
mkdir -p ../obj/Debug/Wyrd
echo wyrdpch.h
g++ -x c++-header   -MD -MP -DWYRD_PLATFORM_LINUX -DWYRD_LIBRARY_EXPORT -DGLFW_INCLUDE_NONE -DGLM_ENABLE_EXPERIMENTAL -DWYRD_DEBUG -Isrc -Ivendor/glad/include -I../dependencies/soil/src -m64 -g -std=c++17 -o "../obj/Debug/Wyrd/wyrdpch.h.gch" -MF "../obj/Debug/Wyrd/wyrdpch.h.d" -c "src/wyrdpch.h"
echo Application.cpp
g++   -MD -MP -DWYRD_PLATFORM_LINUX -DWYRD_LIBRARY_EXPORT -DGLFW_INCLUDE_NONE -DGLM_ENABLE_EXPERIMENTAL -DWYRD_DEBUG -Isrc -Ivendor/glad/include -I../dependencies/soil/src -m64 -g -std=c++17 -include ../obj/Debug/Wyrd/wyrdpch.h -o "../obj/Debug/Wyrd/Application.o" -MF "../obj/Debug/Wyrd/Application.d" -c "src/core/Application.cpp"
echo Layer.cpp
g++   -MD -MP -DWYRD_PLATFORM_LINUX -DWYRD_LIBRARY_EXPORT -DGLFW_INCLUDE_NONE -DGLM_ENABLE_EXPERIMENTAL -DWYRD_DEBUG -Isrc -Ivendor/glad/include -I../dependencies/soil/src -m64 -g -std=c++17 -include ../obj/Debug/Wyrd/wyrdpch.h -o "../obj/Debug/Wyrd/Layer.o" -MF "../obj/Debug/Wyrd/Layer.d" -c "src/core/Layer.cpp"
echo LayerStack.cpp
g++   -MD -MP -DWYRD_PLATFORM_LINUX -DWYRD_LIBRARY_EXPORT -DGLFW_INCLUDE_NONE -DGLM_ENABLE_EXPERIMENTAL -DWYRD_DEBUG -Isrc -Ivendor/glad/include -I../dependencies/soil/src -m64 -g -std=c++17 -include ../obj/Debug/Wyrd/wyrdpch.h -o "../obj/Debug/Wyrd/LayerStack.o" -MF "../obj/Debug/Wyrd/LayerStack.d" -c "src/core/LayerStack.cpp"
echo Log.cpp
g++   -MD -MP -DWYRD_PLATFORM_LINUX -DWYRD_LIBRARY_EXPORT -DGLFW_INCLUDE_NONE -DGLM_ENABLE_EXPERIMENTAL -DWYRD_DEBUG -Isrc -Ivendor/glad/include -I../dependencies/soil/src -m64 -g -std=c++17 -include ../obj/Debug/Wyrd/wyrdpch.h -o "../obj/Debug/Wyrd/Log.o" -MF "../obj/Debug/Wyrd/Log.d" -c "src/core/Log.cpp"
echo Resources.cpp
g++   -MD -MP -DWYRD_PLATFORM_LINUX -DWYRD_LIBRARY_EXPORT -DGLFW_INCLUDE_NONE -DGLM_ENABLE_EXPERIMENTAL -DWYRD_DEBUG -Isrc -Ivendor/glad/include -I../dependencies/soil/src -m64 -g -std=c++17 -include ../obj/Debug/Wyrd/wyrdpch.h -o "../obj/Debug/Wyrd/Resources.o" -MF "../obj/Debug/Wyrd/Resources.d" -c "src/core/Resources.cpp"
echo Structures.cpp
g++   -MD -MP -DWYRD_PLATFORM_LINUX -DWYRD_LIBRARY_EXPORT -DGLFW_INCLUDE_NONE -DGLM_ENABLE_EXPERIMENTAL -DWYRD_DEBUG -Isrc -Ivendor/glad/include -I../dependencies/soil/src -m64 -g -std=c++17 -include ../obj/Debug/Wyrd/wyrdpch.h -o "../obj/Debug/Wyrd/Structures.o" -MF "../obj/Debug/Wyrd/Structures.d" -c "src/core/Structures.cpp"
echo UID.cpp
g++   -MD -MP -DWYRD_PLATFORM_LINUX -DWYRD_LIBRARY_EXPORT -DGLFW_INCLUDE_NONE -DGLM_ENABLE_EXPERIMENTAL -DWYRD_DEBUG -Isrc -Ivendor/glad/include -I../dependencies/soil/src -m64 -g -std=c++17 -include ../obj/Debug/Wyrd/wyrdpch.h -o "../obj/Debug/Wyrd/UID.o" -MF "../obj/Debug/Wyrd/UID.d" -c "src/core/UID.cpp"
echo Behaviour.cpp
g++   -MD -MP -DWYRD_PLATFORM_LINUX -DWYRD_LIBRARY_EXPORT -DGLFW_INCLUDE_NONE -DGLM_ENABLE_EXPERIMENTAL -DWYRD_DEBUG -Isrc -Ivendor/glad/include -I../dependencies/soil/src -m64 -g -std=c++17 -include ../obj/Debug/Wyrd/wyrdpch.h -o "../obj/Debug/Wyrd/Behaviour.o" -MF "../obj/Debug/Wyrd/Behaviour.d" -c "src/core/behaviour/Behaviour.cpp"
echo MonoUtils.cpp
g++   -MD -MP -DWYRD_PLATFORM_LINUX -DWYRD_LIBRARY_EXPORT -DGLFW_INCLUDE_NONE -DGLM_ENABLE_EXPERIMENTAL -DWYRD_DEBUG -Isrc -Ivendor/glad/include -I../dependencies/soil/src -m64 -g -std=c++17 -include ../obj/Debug/Wyrd/wyrdpch.h -o "../obj/Debug/Wyrd/MonoUtils.o" -MF "../obj/Debug/Wyrd/MonoUtils.d" -c "src/core/behaviour/MonoUtils.cpp"
echo BoolArrayProperty.cpp
g++   -MD -MP -DWYRD_PLATFORM_LINUX -DWYRD_LIBRARY_EXPORT -DGLFW_INCLUDE_NONE -DGLM_ENABLE_EXPERIMENTAL -DWYRD_DEBUG -Isrc -Ivendor/glad/include -I../dependencies/soil/src -m64 -g -std=c++17 -include ../obj/Debug/Wyrd/wyrdpch.h -o "../obj/Debug/Wyrd/BoolArrayProperty.o" -MF "../obj/Debug/Wyrd/BoolArrayProperty.d" -c "src/core/behaviour/Properties/BoolArrayProperty.cpp"
echo BoolProperty.cpp
g++   -MD -MP -DWYRD_PLATFORM_LINUX -DWYRD_LIBRARY_EXPORT -DGLFW_INCLUDE_NONE -DGLM_ENABLE_EXPERIMENTAL -DWYRD_DEBUG -Isrc -Ivendor/glad/include -I../dependencies/soil/src -m64 -g -std=c++17 -include ../obj/Debug/Wyrd/wyrdpch.h -o "../obj/Debug/Wyrd/BoolProperty.o" -MF "../obj/Debug/Wyrd/BoolProperty.d" -c "src/core/behaviour/Properties/BoolProperty.cpp"
echo ColorProperty.cpp
g++   -MD -MP -DWYRD_PLATFORM_LINUX -DWYRD_LIBRARY_EXPORT -DGLFW_INCLUDE_NONE -DGLM_ENABLE_EXPERIMENTAL -DWYRD_DEBUG -Isrc -Ivendor/glad/include -I../dependencies/soil/src -m64 -g -std=c++17 -include ../obj/Debug/Wyrd/wyrdpch.h -o "../obj/Debug/Wyrd/ColorProperty.o" -MF "../obj/Debug/Wyrd/ColorProperty.d" -c "src/core/behaviour/Properties/ColorProperty.cpp"
echo EntityProperty.cpp
g++   -MD -MP -DWYRD_PLATFORM_LINUX -DWYRD_LIBRARY_EXPORT -DGLFW_INCLUDE_NONE -DGLM_ENABLE_EXPERIMENTAL -DWYRD_DEBUG -Isrc -Ivendor/glad/include -I../dependencies/soil/src -m64 -g -std=c++17 -include ../obj/Debug/Wyrd/wyrdpch.h -o "../obj/Debug/Wyrd/EntityProperty.o" -MF "../obj/Debug/Wyrd/EntityProperty.d" -c "src/core/behaviour/Properties/EntityProperty.cpp"
echo FloatProperty.cpp
g++   -MD -MP -DWYRD_PLATFORM_LINUX -DWYRD_LIBRARY_EXPORT -DGLFW_INCLUDE_NONE -DGLM_ENABLE_EXPERIMENTAL -DWYRD_DEBUG -Isrc -Ivendor/glad/include -I../dependencies/soil/src -m64 -g -std=c++17 -include ../obj/Debug/Wyrd/wyrdpch.h -o "../obj/Debug/Wyrd/FloatProperty.o" -MF "../obj/Debug/Wyrd/FloatProperty.d" -c "src/core/behaviour/Properties/FloatProperty.cpp"
echo IntProperty.cpp
g++   -MD -MP -DWYRD_PLATFORM_LINUX -DWYRD_LIBRARY_EXPORT -DGLFW_INCLUDE_NONE -DGLM_ENABLE_EXPERIMENTAL -DWYRD_DEBUG -Isrc -Ivendor/glad/include -I../dependencies/soil/src -m64 -g -std=c++17 -include ../obj/Debug/Wyrd/wyrdpch.h -o "../obj/Debug/Wyrd/IntProperty.o" -MF "../obj/Debug/Wyrd/IntProperty.d" -c "src/core/behaviour/Properties/IntProperty.cpp"
echo ScriptPropertyFactory.cpp
g++   -MD -MP -DWYRD_PLATFORM_LINUX -DWYRD_LIBRARY_EXPORT -DGLFW_INCLUDE_NONE -DGLM_ENABLE_EXPERIMENTAL -DWYRD_DEBUG -Isrc -Ivendor/glad/include -I../dependencies/soil/src -m64 -g -std=c++17 -include ../obj/Debug/Wyrd/wyrdpch.h -o "../obj/Debug/Wyrd/ScriptPropertyFactory.o" -MF "../obj/Debug/Wyrd/ScriptPropertyFactory.d" -c "src/core/behaviour/Properties/ScriptPropertyFactory.cpp"
echo StringProperty.cpp
g++   -MD -MP -DWYRD_PLATFORM_LINUX -DWYRD_LIBRARY_EXPORT -DGLFW_INCLUDE_NONE -DGLM_ENABLE_EXPERIMENTAL -DWYRD_DEBUG -Isrc -Ivendor/glad/include -I../dependencies/soil/src -m64 -g -std=c++17 -include ../obj/Debug/Wyrd/wyrdpch.h -o "../obj/Debug/Wyrd/StringProperty.o" -MF "../obj/Debug/Wyrd/StringProperty.d" -c "src/core/behaviour/Properties/StringProperty.cpp"
echo TextureProperty.cpp
g++   -MD -MP -DWYRD_PLATFORM_LINUX -DWYRD_LIBRARY_EXPORT -DGLFW_INCLUDE_NONE -DGLM_ENABLE_EXPERIMENTAL -DWYRD_DEBUG -Isrc -Ivendor/glad/include -I../dependencies/soil/src -m64 -g -std=c++17 -include ../obj/Debug/Wyrd/wyrdpch.h -o "../obj/Debug/Wyrd/TextureProperty.o" -MF "../obj/Debug/Wyrd/TextureProperty.d" -c "src/core/behaviour/Properties/TextureProperty.cpp"
echo Vector2Property.cpp
g++   -MD -MP -DWYRD_PLATFORM_LINUX -DWYRD_LIBRARY_EXPORT -DGLFW_INCLUDE_NONE -DGLM_ENABLE_EXPERIMENTAL -DWYRD_DEBUG -Isrc -Ivendor/glad/include -I../dependencies/soil/src -m64 -g -std=c++17 -include ../obj/Debug/Wyrd/wyrdpch.h -o "../obj/Debug/Wyrd/Vector2Property.o" -MF "../obj/Debug/Wyrd/Vector2Property.d" -c "src/core/behaviour/Properties/Vector2Property.cpp"
echo Vector3Property.cpp
g++   -MD -MP -DWYRD_PLATFORM_LINUX -DWYRD_LIBRARY_EXPORT -DGLFW_INCLUDE_NONE -DGLM_ENABLE_EXPERIMENTAL -DWYRD_DEBUG -Isrc -Ivendor/glad/include -I../dependencies/soil/src -m64 -g -std=c++17 -include ../obj/Debug/Wyrd/wyrdpch.h -o "../obj/Debug/Wyrd/Vector3Property.o" -MF "../obj/Debug/Wyrd/Vector3Property.d" -c "src/core/behaviour/Properties/Vector3Property.cpp"
echo ScriptedClass.cpp
g++   -MD -MP -DWYRD_PLATFORM_LINUX -DWYRD_LIBRARY_EXPORT -DGLFW_INCLUDE_NONE -DGLM_ENABLE_EXPERIMENTAL -DWYRD_DEBUG -Isrc -Ivendor/glad/include -I../dependencies/soil/src -m64 -g -std=c++17 -include ../obj/Debug/Wyrd/wyrdpch.h -o "../obj/Debug/Wyrd/ScriptedClass.o" -MF "../obj/Debug/Wyrd/ScriptedClass.d" -c "src/core/behaviour/ScriptedClass.cpp"
echo ScriptedCustomObject.cpp
g++   -MD -MP -DWYRD_PLATFORM_LINUX -DWYRD_LIBRARY_EXPORT -DGLFW_INCLUDE_NONE -DGLM_ENABLE_EXPERIMENTAL -DWYRD_DEBUG -Isrc -Ivendor/glad/include -I../dependencies/soil/src -m64 -g -std=c++17 -include ../obj/Debug/Wyrd/wyrdpch.h -o "../obj/Debug/Wyrd/ScriptedCustomObject.o" -MF "../obj/Debug/Wyrd/ScriptedCustomObject.d" -c "src/core/behaviour/ScriptedCustomObject.cpp"
echo ScriptedMethod.cpp
g++   -MD -MP -DWYRD_PLATFORM_LINUX -DWYRD_LIBRARY_EXPORT -DGLFW_INCLUDE_NONE -DGLM_ENABLE_EXPERIMENTAL -DWYRD_DEBUG -Isrc -Ivendor/glad/include -I../dependencies/soil/src -m64 -g -std=c++17 -include ../obj/Debug/Wyrd/wyrdpch.h -o "../obj/Debug/Wyrd/ScriptedMethod.o" -MF "../obj/Debug/Wyrd/ScriptedMethod.d" -c "src/core/behaviour/ScriptedMethod.cpp"
echo Components.cpp
g++   -MD -MP -DWYRD_PLATFORM_LINUX -DWYRD_LIBRARY_EXPORT -DGLFW_INCLUDE_NONE -DGLM_ENABLE_EXPERIMENTAL -DWYRD_DEBUG -Isrc -Ivendor/glad/include -I../dependencies/soil/src -m64 -g -std=c++17 -include ../obj/Debug/Wyrd/wyrdpch.h -o "../obj/Debug/Wyrd/Components.o" -MF "../obj/Debug/Wyrd/Components.d" -c "src/core/ecs/Components.cpp"
echo ECS.cpp
g++   -MD -MP -DWYRD_PLATFORM_LINUX -DWYRD_LIBRARY_EXPORT -DGLFW_INCLUDE_NONE -DGLM_ENABLE_EXPERIMENTAL -DWYRD_DEBUG -Isrc -Ivendor/glad/include -I../dependencies/soil/src -m64 -g -std=c++17 -include ../obj/Debug/Wyrd/wyrdpch.h -o "../obj/Debug/Wyrd/ECS.o" -MF "../obj/Debug/Wyrd/ECS.d" -c "src/core/ecs/ECS.cpp"
echo Ray.cpp
g++   -MD -MP -DWYRD_PLATFORM_LINUX -DWYRD_LIBRARY_EXPORT -DGLFW_INCLUDE_NONE -DGLM_ENABLE_EXPERIMENTAL -DWYRD_DEBUG -Isrc -Ivendor/glad/include -I../dependencies/soil/src -m64 -g -std=c++17 -include ../obj/Debug/Wyrd/wyrdpch.h -o "../obj/Debug/Wyrd/Ray.o" -MF "../obj/Debug/Wyrd/Ray.d" -c "src/core/maths/Ray.cpp"
echo Rect.cpp
g++   -MD -MP -DWYRD_PLATFORM_LINUX -DWYRD_LIBRARY_EXPORT -DGLFW_INCLUDE_NONE -DGLM_ENABLE_EXPERIMENTAL -DWYRD_DEBUG -Isrc -Ivendor/glad/include -I../dependencies/soil/src -m64 -g -std=c++17 -include ../obj/Debug/Wyrd/wyrdpch.h -o "../obj/Debug/Wyrd/Rect.o" -MF "../obj/Debug/Wyrd/Rect.d" -c "src/core/maths/Rect.cpp"
echo Physics.cpp
g++   -MD -MP -DWYRD_PLATFORM_LINUX -DWYRD_LIBRARY_EXPORT -DGLFW_INCLUDE_NONE -DGLM_ENABLE_EXPERIMENTAL -DWYRD_DEBUG -Isrc -Ivendor/glad/include -I../dependencies/soil/src -m64 -g -std=c++17 -include ../obj/Debug/Wyrd/wyrdpch.h -o "../obj/Debug/Wyrd/Physics.o" -MF "../obj/Debug/Wyrd/Physics.d" -c "src/core/physics/Physics.cpp"
echo OrthographicCamera.cpp
g++   -MD -MP -DWYRD_PLATFORM_LINUX -DWYRD_LIBRARY_EXPORT -DGLFW_INCLUDE_NONE -DGLM_ENABLE_EXPERIMENTAL -DWYRD_DEBUG -Isrc -Ivendor/glad/include -I../dependencies/soil/src -m64 -g -std=c++17 -include ../obj/Debug/Wyrd/wyrdpch.h -o "../obj/Debug/Wyrd/OrthographicCamera.o" -MF "../obj/Debug/Wyrd/OrthographicCamera.d" -c "src/core/pipeline/OrthographicCamera.cpp"
echo SpriteBatch.cpp
g++   -MD -MP -DWYRD_PLATFORM_LINUX -DWYRD_LIBRARY_EXPORT -DGLFW_INCLUDE_NONE -DGLM_ENABLE_EXPERIMENTAL -DWYRD_DEBUG -Isrc -Ivendor/glad/include -I../dependencies/soil/src -m64 -g -std=c++17 -include ../obj/Debug/Wyrd/wyrdpch.h -o "../obj/Debug/Wyrd/SpriteBatch.o" -MF "../obj/Debug/Wyrd/SpriteBatch.d" -c "src/core/pipeline/SpriteBatch.cpp"
echo TextBatch.cpp
g++   -MD -MP -DWYRD_PLATFORM_LINUX -DWYRD_LIBRARY_EXPORT -DGLFW_INCLUDE_NONE -DGLM_ENABLE_EXPERIMENTAL -DWYRD_DEBUG -Isrc -Ivendor/glad/include -I../dependencies/soil/src -m64 -g -std=c++17 -include ../obj/Debug/Wyrd/wyrdpch.h -o "../obj/Debug/Wyrd/TextBatch.o" -MF "../obj/Debug/Wyrd/TextBatch.d" -c "src/core/pipeline/TextBatch.cpp"
echo Vertex2DBatch.cpp
g++   -MD -MP -DWYRD_PLATFORM_LINUX -DWYRD_LIBRARY_EXPORT -DGLFW_INCLUDE_NONE -DGLM_ENABLE_EXPERIMENTAL -DWYRD_DEBUG -Isrc -Ivendor/glad/include -I../dependencies/soil/src -m64 -g -std=c++17 -include ../obj/Debug/Wyrd/wyrdpch.h -o "../obj/Debug/Wyrd/Vertex2DBatch.o" -MF "../obj/Debug/Wyrd/Vertex2DBatch.d" -c "src/core/pipeline/Vertex2DBatch.cpp"
echo Buffer.cpp
g++   -MD -MP -DWYRD_PLATFORM_LINUX -DWYRD_LIBRARY_EXPORT -DGLFW_INCLUDE_NONE -DGLM_ENABLE_EXPERIMENTAL -DWYRD_DEBUG -Isrc -Ivendor/glad/include -I../dependencies/soil/src -m64 -g -std=c++17 -include ../obj/Debug/Wyrd/wyrdpch.h -o "../obj/Debug/Wyrd/Buffer.o" -MF "../obj/Debug/Wyrd/Buffer.d" -c "src/core/renderer/Buffer.cpp"
echo FontType.cpp
g++   -MD -MP -DWYRD_PLATFORM_LINUX -DWYRD_LIBRARY_EXPORT -DGLFW_INCLUDE_NONE -DGLM_ENABLE_EXPERIMENTAL -DWYRD_DEBUG -Isrc -Ivendor/glad/include -I../dependencies/soil/src -m64 -g -std=c++17 -include ../obj/Debug/Wyrd/wyrdpch.h -o "../obj/Debug/Wyrd/FontType.o" -MF "../obj/Debug/Wyrd/FontType.d" -c "src/core/renderer/FontType.cpp"
echo Renderer.cpp
g++   -MD -MP -DWYRD_PLATFORM_LINUX -DWYRD_LIBRARY_EXPORT -DGLFW_INCLUDE_NONE -DGLM_ENABLE_EXPERIMENTAL -DWYRD_DEBUG -Isrc -Ivendor/glad/include -I../dependencies/soil/src -m64 -g -std=c++17 -include ../obj/Debug/Wyrd/wyrdpch.h -o "../obj/Debug/Wyrd/Renderer.o" -MF "../obj/Debug/Wyrd/Renderer.d" -c "src/core/renderer/Renderer.cpp"
echo Shader.cpp
g++   -MD -MP -DWYRD_PLATFORM_LINUX -DWYRD_LIBRARY_EXPORT -DGLFW_INCLUDE_NONE -DGLM_ENABLE_EXPERIMENTAL -DWYRD_DEBUG -Isrc -Ivendor/glad/include -I../dependencies/soil/src -m64 -g -std=c++17 -include ../obj/Debug/Wyrd/wyrdpch.h -o "../obj/Debug/Wyrd/Shader.o" -MF "../obj/Debug/Wyrd/Shader.d" -c "src/core/renderer/Shader.cpp"
echo Texture.cpp
g++   -MD -MP -DWYRD_PLATFORM_LINUX -DWYRD_LIBRARY_EXPORT -DGLFW_INCLUDE_NONE -DGLM_ENABLE_EXPERIMENTAL -DWYRD_DEBUG -Isrc -Ivendor/glad/include -I../dependencies/soil/src -m64 -g -std=c++17 -include ../obj/Debug/Wyrd/wyrdpch.h -o "../obj/Debug/Wyrd/Texture.o" -MF "../obj/Debug/Wyrd/Texture.d" -c "src/core/renderer/Texture.cpp"
echo VertexArray.cpp
g++   -MD -MP -DWYRD_PLATFORM_LINUX -DWYRD_LIBRARY_EXPORT -DGLFW_INCLUDE_NONE -DGLM_ENABLE_EXPERIMENTAL -DWYRD_DEBUG -Isrc -Ivendor/glad/include -I../dependencies/soil/src -m64 -g -std=c++17 -include ../obj/Debug/Wyrd/wyrdpch.h -o "../obj/Debug/Wyrd/VertexArray.o" -MF "../obj/Debug/Wyrd/VertexArray.d" -c "src/core/renderer/VertexArray.cpp"
echo Scene.cpp
g++   -MD -MP -DWYRD_PLATFORM_LINUX -DWYRD_LIBRARY_EXPORT -DGLFW_INCLUDE_NONE -DGLM_ENABLE_EXPERIMENTAL -DWYRD_DEBUG -Isrc -Ivendor/glad/include -I../dependencies/soil/src -m64 -g -std=c++17 -include ../obj/Debug/Wyrd/wyrdpch.h -o "../obj/Debug/Wyrd/Scene.o" -MF "../obj/Debug/Wyrd/Scene.d" -c "src/core/scene/Scene.cpp"
echo PrimitiveUtils.cpp
g++   -MD -MP -DWYRD_PLATFORM_LINUX -DWYRD_LIBRARY_EXPORT -DGLFW_INCLUDE_NONE -DGLM_ENABLE_EXPERIMENTAL -DWYRD_DEBUG -Isrc -Ivendor/glad/include -I../dependencies/soil/src -m64 -g -std=c++17 -include ../obj/Debug/Wyrd/wyrdpch.h -o "../obj/Debug/Wyrd/PrimitiveUtils.o" -MF "../obj/Debug/Wyrd/PrimitiveUtils.d" -c "src/core/support/PrimitiveUtils.cpp"
echo BehaviourLayer.cpp
g++   -MD -MP -DWYRD_PLATFORM_LINUX -DWYRD_LIBRARY_EXPORT -DGLFW_INCLUDE_NONE -DGLM_ENABLE_EXPERIMENTAL -DWYRD_DEBUG -Isrc -Ivendor/glad/include -I../dependencies/soil/src -m64 -g -std=c++17 -include ../obj/Debug/Wyrd/wyrdpch.h -o "../obj/Debug/Wyrd/BehaviourLayer.o" -MF "../obj/Debug/Wyrd/BehaviourLayer.d" -c "src/layers/BehaviourLayer.cpp"
echo PhysicsLayer.cpp
g++   -MD -MP -DWYRD_PLATFORM_LINUX -DWYRD_LIBRARY_EXPORT -DGLFW_INCLUDE_NONE -DGLM_ENABLE_EXPERIMENTAL -DWYRD_DEBUG -Isrc -Ivendor/glad/include -I../dependencies/soil/src -m64 -g -std=c++17 -include ../obj/Debug/Wyrd/wyrdpch.h -o "../obj/Debug/Wyrd/PhysicsLayer.o" -MF "../obj/Debug/Wyrd/PhysicsLayer.d" -c "src/layers/PhysicsLayer.cpp"
echo OpenGLBuffer.cpp
g++   -MD -MP -DWYRD_PLATFORM_LINUX -DWYRD_LIBRARY_EXPORT -DGLFW_INCLUDE_NONE -DGLM_ENABLE_EXPERIMENTAL -DWYRD_DEBUG -Isrc -Ivendor/glad/include -I../dependencies/soil/src -m64 -g -std=c++17 -include ../obj/Debug/Wyrd/wyrdpch.h -o "../obj/Debug/Wyrd/OpenGLBuffer.o" -MF "../obj/Debug/Wyrd/OpenGLBuffer.d" -c "src/platform/OpenGL/OpenGLBuffer.cpp"
echo OpenGLContext.cpp
g++   -MD -MP -DWYRD_PLATFORM_LINUX -DWYRD_LIBRARY_EXPORT -DGLFW_INCLUDE_NONE -DGLM_ENABLE_EXPERIMENTAL -DWYRD_DEBUG -Isrc -Ivendor/glad/include -I../dependencies/soil/src -m64 -g -std=c++17 -include ../obj/Debug/Wyrd/wyrdpch.h -o "../obj/Debug/Wyrd/OpenGLContext.o" -MF "../obj/Debug/Wyrd/OpenGLContext.d" -c "src/platform/OpenGL/OpenGLContext.cpp"
echo OpenGLRenderer.cpp
g++   -MD -MP -DWYRD_PLATFORM_LINUX -DWYRD_LIBRARY_EXPORT -DGLFW_INCLUDE_NONE -DGLM_ENABLE_EXPERIMENTAL -DWYRD_DEBUG -Isrc -Ivendor/glad/include -I../dependencies/soil/src -m64 -g -std=c++17 -include ../obj/Debug/Wyrd/wyrdpch.h -o "../obj/Debug/Wyrd/OpenGLRenderer.o" -MF "../obj/Debug/Wyrd/OpenGLRenderer.d" -c "src/platform/OpenGL/OpenGLRenderer.cpp"
echo OpenGLShader.cpp
g++   -MD -MP -DWYRD_PLATFORM_LINUX -DWYRD_LIBRARY_EXPORT -DGLFW_INCLUDE_NONE -DGLM_ENABLE_EXPERIMENTAL -DWYRD_DEBUG -Isrc -Ivendor/glad/include -I../dependencies/soil/src -m64 -g -std=c++17 -include ../obj/Debug/Wyrd/wyrdpch.h -o "../obj/Debug/Wyrd/OpenGLShader.o" -MF "../obj/Debug/Wyrd/OpenGLShader.d" -c "src/platform/OpenGL/OpenGLShader.cpp"
echo OpenGLTexture.cpp
g++   -MD -MP -DWYRD_PLATFORM_LINUX -DWYRD_LIBRARY_EXPORT -DGLFW_INCLUDE_NONE -DGLM_ENABLE_EXPERIMENTAL -DWYRD_DEBUG -Isrc -Ivendor/glad/include -I../dependencies/soil/src -m64 -g -std=c++17 -include ../obj/Debug/Wyrd/wyrdpch.h -o "../obj/Debug/Wyrd/OpenGLTexture.o" -MF "../obj/Debug/Wyrd/OpenGLTexture.d" -c "src/platform/OpenGL/OpenGLTexture.cpp"
echo OpenGLVertexArray.cpp
g++   -MD -MP -DWYRD_PLATFORM_LINUX -DWYRD_LIBRARY_EXPORT -DGLFW_INCLUDE_NONE -DGLM_ENABLE_EXPERIMENTAL -DWYRD_DEBUG -Isrc -Ivendor/glad/include -I../dependencies/soil/src -m64 -g -std=c++17 -include ../obj/Debug/Wyrd/wyrdpch.h -o "../obj/Debug/Wyrd/OpenGLVertexArray.o" -MF "../obj/Debug/Wyrd/OpenGLVertexArray.d" -c "src/platform/OpenGL/OpenGLVertexArray.cpp"
echo WindowsInput.cpp
g++   -MD -MP -DWYRD_PLATFORM_LINUX -DWYRD_LIBRARY_EXPORT -DGLFW_INCLUDE_NONE -DGLM_ENABLE_EXPERIMENTAL -DWYRD_DEBUG -Isrc -Ivendor/glad/include -I../dependencies/soil/src -m64 -g -std=c++17 -include ../obj/Debug/Wyrd/wyrdpch.h -o "../obj/Debug/Wyrd/WindowsInput.o" -MF "../obj/Debug/Wyrd/WindowsInput.d" -c "src/platform/Windows/WindowsInput.cpp"
echo WindowsWindow.cpp
g++   -MD -MP -DWYRD_PLATFORM_LINUX -DWYRD_LIBRARY_EXPORT -DGLFW_INCLUDE_NONE -DGLM_ENABLE_EXPERIMENTAL -DWYRD_DEBUG -Isrc -Ivendor/glad/include -I../dependencies/soil/src -m64 -g -std=c++17 -include ../obj/Debug/Wyrd/wyrdpch.h -o "../obj/Debug/Wyrd/WindowsWindow.o" -MF "../obj/Debug/Wyrd/WindowsWindow.d" -c "src/platform/Windows/WindowsWindow.cpp"
echo ComponentSerialiserFactory.cpp
g++   -MD -MP -DWYRD_PLATFORM_LINUX -DWYRD_LIBRARY_EXPORT -DGLFW_INCLUDE_NONE -DGLM_ENABLE_EXPERIMENTAL -DWYRD_DEBUG -Isrc -Ivendor/glad/include -I../dependencies/soil/src -m64 -g -std=c++17 -include ../obj/Debug/Wyrd/wyrdpch.h -o "../obj/Debug/Wyrd/ComponentSerialiserFactory.o" -MF "../obj/Debug/Wyrd/ComponentSerialiserFactory.d" -c "src/serial/ComponentSerialiserFactory.cpp"
echo TypeSerialisers.cpp
g++   -MD -MP -DWYRD_PLATFORM_LINUX -DWYRD_LIBRARY_EXPORT -DGLFW_INCLUDE_NONE -DGLM_ENABLE_EXPERIMENTAL -DWYRD_DEBUG -Isrc -Ivendor/glad/include -I../dependencies/soil/src -m64 -g -std=c++17 -include ../obj/Debug/Wyrd/wyrdpch.h -o "../obj/Debug/Wyrd/TypeSerialisers.o" -MF "../obj/Debug/Wyrd/TypeSerialisers.d" -c "src/serial/TypeSerialisers.cpp"
echo wyrdpch.cpp
g++   -MD -MP -DWYRD_PLATFORM_LINUX -DWYRD_LIBRARY_EXPORT -DGLFW_INCLUDE_NONE -DGLM_ENABLE_EXPERIMENTAL -DWYRD_DEBUG -Isrc -Ivendor/glad/include -I../dependencies/soil/src -m64 -g -std=c++17 -include ../obj/Debug/Wyrd/wyrdpch.h -o "../obj/Debug/Wyrd/wyrdpch.o" -MF "../obj/Debug/Wyrd/wyrdpch.d" -c "src/wyrdpch.cpp"
echo Creating ../lib/Debug/Wyrd
mkdir -p ../lib/Debug/Wyrd
echo Linking Wyrd
ar -rcs "../lib/Debug/Wyrd/libWyrd.a" ../obj/Debug/Wyrd/Application.o ../obj/Debug/Wyrd/Layer.o ../obj/Debug/Wyrd/LayerStack.o ../obj/Debug/Wyrd/Log.o ../obj/Debug/Wyrd/Resources.o ../obj/Debug/Wyrd/Structures.o ../obj/Debug/Wyrd/UID.o ../obj/Debug/Wyrd/Behaviour.o ../obj/Debug/Wyrd/MonoUtils.o ../obj/Debug/Wyrd/BoolArrayProperty.o ../obj/Debug/Wyrd/BoolProperty.o ../obj/Debug/Wyrd/ColorProperty.o ../obj/Debug/Wyrd/EntityProperty.o ../obj/Debug/Wyrd/FloatProperty.o ../obj/Debug/Wyrd/IntProperty.o ../obj/Debug/Wyrd/ScriptPropertyFactory.o ../obj/Debug/Wyrd/StringProperty.o ../obj/Debug/Wyrd/TextureProperty.o ../obj/Debug/Wyrd/Vector2Property.o ../obj/Debug/Wyrd/Vector3Property.o ../obj/Debug/Wyrd/ScriptedClass.o ../obj/Debug/Wyrd/ScriptedCustomObject.o ../obj/Debug/Wyrd/ScriptedMethod.o ../obj/Debug/Wyrd/Components.o ../obj/Debug/Wyrd/ECS.o ../obj/Debug/Wyrd/Ray.o ../obj/Debug/Wyrd/Rect.o ../obj/Debug/Wyrd/Physics.o ../obj/Debug/Wyrd/OrthographicCamera.o ../obj/Debug/Wyrd/SpriteBatch.o ../obj/Debug/Wyrd/TextBatch.o ../obj/Debug/Wyrd/Vertex2DBatch.o ../obj/Debug/Wyrd/Buffer.o ../obj/Debug/Wyrd/FontType.o ../obj/Debug/Wyrd/Renderer.o ../obj/Debug/Wyrd/Shader.o ../obj/Debug/Wyrd/Texture.o ../obj/Debug/Wyrd/VertexArray.o ../obj/Debug/Wyrd/Scene.o ../obj/Debug/Wyrd/PrimitiveUtils.o ../obj/Debug/Wyrd/BehaviourLayer.o ../obj/Debug/Wyrd/PhysicsLayer.o ../obj/Debug/Wyrd/OpenGLBuffer.o ../obj/Debug/Wyrd/OpenGLContext.o ../obj/Debug/Wyrd/OpenGLRenderer.o ../obj/Debug/Wyrd/OpenGLShader.o ../obj/Debug/Wyrd/OpenGLTexture.o ../obj/Debug/Wyrd/OpenGLVertexArray.o ../obj/Debug/Wyrd/WindowsInput.o ../obj/Debug/Wyrd/WindowsWindow.o ../obj/Debug/Wyrd/ComponentSerialiserFactory.o ../obj/Debug/Wyrd/TypeSerialisers.o ../obj/Debug/Wyrd/wyrdpch.o 
:
echo "==== Building TestPlayer (debug) ===="
make --no-print-directory -C Apps/TestPlayer -f Makefile config=debug
echo Creating ../../obj/Debug/TestPlayer
mkdir -p ../../obj/Debug/TestPlayer
echo glad.c
cc   -MD -MP -DWYRD_DEBUG -Isrc -I../../TestPlayer/vendor/glad/include -I../../Wyrd/src -I../../dependencies/GLFW/include -I../../Wyrd/vendor/glad/include -I../../dependencies/jsonxx -I../../dependencies/soil/src -I../../dependencies/glm -I/usr/include/mono-2.0 -I../../dependencies/spdlog/include -I../../dependencies/uuid/include -m64 -g  -o "../../obj/Debug/TestPlayer/glad.o" -MF "../../obj/Debug/TestPlayer/glad.d" -c "../../Wyrd/vendor/glad/src/glad.c"
echo ComponentSerialiserFactory.cpp
g++   -MD -MP -DWYRD_DEBUG -Isrc -I../../TestPlayer/vendor/glad/include -I../../Wyrd/src -I../../dependencies/GLFW/include -I../../Wyrd/vendor/glad/include -I../../dependencies/jsonxx -I../../dependencies/soil/src -I../../dependencies/glm -I/usr/include/mono-2.0 -I../../dependencies/spdlog/include -I../../dependencies/uuid/include -m64 -g -std=c++17  -o "../../obj/Debug/TestPlayer/ComponentSerialiserFactory.o" -MF "../../obj/Debug/TestPlayer/ComponentSerialiserFactory.d" -c "src/import/ComponentSerialiserFactory.cpp"
echo ImportManager.cpp
g++   -MD -MP -DWYRD_DEBUG -Isrc -I../../TestPlayer/vendor/glad/include -I../../Wyrd/src -I../../dependencies/GLFW/include -I../../Wyrd/vendor/glad/include -I../../dependencies/jsonxx -I../../dependencies/soil/src -I../../dependencies/glm -I/usr/include/mono-2.0 -I../../dependencies/spdlog/include -I../../dependencies/uuid/include -m64 -g -std=c++17  -o "../../obj/Debug/TestPlayer/ImportManager.o" -MF "../../obj/Debug/TestPlayer/ImportManager.d" -c "src/import/ImportManager.cpp"
echo ControlLayer.cpp
g++   -MD -MP -DWYRD_DEBUG -Isrc -I../../TestPlayer/vendor/glad/include -I../../Wyrd/src -I../../dependencies/GLFW/include -I../../Wyrd/vendor/glad/include -I../../dependencies/jsonxx -I../../dependencies/soil/src -I../../dependencies/glm -I/usr/include/mono-2.0 -I../../dependencies/spdlog/include -I../../dependencies/uuid/include -m64 -g -std=c++17  -o "../../obj/Debug/TestPlayer/ControlLayer.o" -MF "../../obj/Debug/TestPlayer/ControlLayer.d" -c "src/layers/ControlLayer.cpp"
echo main.cpp
g++   -MD -MP -DWYRD_DEBUG -Isrc -I../../TestPlayer/vendor/glad/include -I../../Wyrd/src -I../../dependencies/GLFW/include -I../../Wyrd/vendor/glad/include -I../../dependencies/jsonxx -I../../dependencies/soil/src -I../../dependencies/glm -I/usr/include/mono-2.0 -I../../dependencies/spdlog/include -I../../dependencies/uuid/include -m64 -g -std=c++17  -o "../../obj/Debug/TestPlayer/main.o" -MF "../../obj/Debug/TestPlayer/main.d" -c "src/main.cpp"
echo SceneManager.cpp
g++   -MD -MP -DWYRD_DEBUG -Isrc -I../../TestPlayer/vendor/glad/include -I../../Wyrd/src -I../../dependencies/GLFW/include -I../../Wyrd/vendor/glad/include -I../../dependencies/jsonxx -I../../dependencies/soil/src -I../../dependencies/glm -I/usr/include/mono-2.0 -I../../dependencies/spdlog/include -I../../dependencies/uuid/include -m64 -g -std=c++17  -o "../../obj/Debug/TestPlayer/SceneManager.o" -MF "../../obj/Debug/TestPlayer/SceneManager.d" -c "src/managers/SceneManager.cpp"
echo Creating ../../bin/Debug/TestPlayer
mkdir -p ../../bin/Debug/TestPlayer
echo Linking TestPlayer
g++ -o "../../bin/Debug/TestPlayer/TestPlayer" ../../obj/Debug/TestPlayer/glad.o ../../obj/Debug/TestPlayer/ComponentSerialiserFactory.o ../../obj/Debug/TestPlayer/ImportManager.o ../../obj/Debug/TestPlayer/ControlLayer.o ../../obj/Debug/TestPlayer/main.o ../../obj/Debug/TestPlayer/SceneManager.o    -L../../buildsystem/linux/bin/Debug/glad -L../../buildsystem/linux/bin/Debug/jsonxx -L/usr/lib64 -m64 ../../lib/Debug/Wyrd/libWyrd.a ../../buildsystem/linux/bin/Debug/glad/libglad.a -lglfw3 -ldl -lSOIL -lcrossguid -luuid -lspdlog -lmono-2.0 -lpthread
:
echo "==== Building Editor (debug) ===="
make --no-print-directory -C Apps/Editor -f Makefile config=debug
echo Creating ../../obj/Debug/Editor
mkdir -p ../../obj/Debug/Editor
echo OrthographicCameraController.cpp
g++   -MD -MP -DWYRD_PLATFORM_LINUX -DWYRD_EDITOR_ENABLED -DGLM_ENABLE_EXPERIMENTAL -DNATIVE_API_LIB_LOC=/home/paul/projects/wyrd/WyrdEngine/lib/Debug/ -DMONO_INSTALL_LOC=/usr/ -DWYRD_DEBUG -Isrc -I../Players/Player/src -I../../codegen/src/Common/include -I../../codegen/src/PlayerAPI/include -I../../Wyrd/src -I../../dependencies/GLFW/include -I../../Wyrd/vendor/glad/include -I../../dependencies/jsonxx -I../../dependencies/soil/src -I../../dependencies/imgui -I../../dependencies/glm -I../.. -I/usr/include/mono-2.0 -I../../dependencies/spdlog/include -I../../dependencies/uuid/include -I../../dependencies/Hash/include -I../../dependencies/freetype/include -m64 -g -std=c++17  -o "../../obj/Debug/Editor/OrthographicCameraController.o" -MF "../../obj/Debug/Editor/OrthographicCameraController.d" -c "src/datamodels/OrthographicCameraController.cpp"
echo Project.cpp
g++   -MD -MP -DWYRD_PLATFORM_LINUX -DWYRD_EDITOR_ENABLED -DGLM_ENABLE_EXPERIMENTAL -DNATIVE_API_LIB_LOC=/home/paul/projects/wyrd/WyrdEngine/lib/Debug/ -DMONO_INSTALL_LOC=/usr/ -DWYRD_DEBUG -Isrc -I../Players/Player/src -I../../codegen/src/Common/include -I../../codegen/src/PlayerAPI/include -I../../Wyrd/src -I../../dependencies/GLFW/include -I../../Wyrd/vendor/glad/include -I../../dependencies/jsonxx -I../../dependencies/soil/src -I../../dependencies/imgui -I../../dependencies/glm -I../.. -I/usr/include/mono-2.0 -I../../dependencies/spdlog/include -I../../dependencies/uuid/include -I../../dependencies/Hash/include -I../../dependencies/freetype/include -m64 -g -std=c++17  -o "../../obj/Debug/Editor/Project.o" -MF "../../obj/Debug/Editor/Project.d" -c "src/datamodels/Project.cpp"
echo FontTypeRes.cpp
g++   -MD -MP -DWYRD_PLATFORM_LINUX -DWYRD_EDITOR_ENABLED -DGLM_ENABLE_EXPERIMENTAL -DNATIVE_API_LIB_LOC=/home/paul/projects/wyrd/WyrdEngine/lib/Debug/ -DMONO_INSTALL_LOC=/usr/ -DWYRD_DEBUG -Isrc -I../Players/Player/src -I../../codegen/src/Common/include -I../../codegen/src/PlayerAPI/include -I../../Wyrd/src -I../../dependencies/GLFW/include -I../../Wyrd/vendor/glad/include -I../../dependencies/jsonxx -I../../dependencies/soil/src -I../../dependencies/imgui -I../../dependencies/glm -I../.. -I/usr/include/mono-2.0 -I../../dependencies/spdlog/include -I../../dependencies/uuid/include -I../../dependencies/Hash/include -I../../dependencies/freetype/include -m64 -g -std=c++17  -o "../../obj/Debug/Editor/FontTypeRes.o" -MF "../../obj/Debug/Editor/FontTypeRes.d" -c "src/datamodels/resources/FontTypeRes.cpp"
echo Resource.cpp
g++   -MD -MP -DWYRD_PLATFORM_LINUX -DWYRD_EDITOR_ENABLED -DGLM_ENABLE_EXPERIMENTAL -DNATIVE_API_LIB_LOC=/home/paul/projects/wyrd/WyrdEngine/lib/Debug/ -DMONO_INSTALL_LOC=/usr/ -DWYRD_DEBUG -Isrc -I../Players/Player/src -I../../codegen/src/Common/include -I../../codegen/src/PlayerAPI/include -I../../Wyrd/src -I../../dependencies/GLFW/include -I../../Wyrd/vendor/glad/include -I../../dependencies/jsonxx -I../../dependencies/soil/src -I../../dependencies/imgui -I../../dependencies/glm -I../.. -I/usr/include/mono-2.0 -I../../dependencies/spdlog/include -I../../dependencies/uuid/include -I../../dependencies/Hash/include -I../../dependencies/freetype/include -m64 -g -std=c++17  -o "../../obj/Debug/Editor/Resource.o" -MF "../../obj/Debug/Editor/Resource.d" -c "src/datamodels/resources/Resource.cpp"
echo SceneRes.cpp
g++   -MD -MP -DWYRD_PLATFORM_LINUX -DWYRD_EDITOR_ENABLED -DGLM_ENABLE_EXPERIMENTAL -DNATIVE_API_LIB_LOC=/home/paul/projects/wyrd/WyrdEngine/lib/Debug/ -DMONO_INSTALL_LOC=/usr/ -DWYRD_DEBUG -Isrc -I../Players/Player/src -I../../codegen/src/Common/include -I../../codegen/src/PlayerAPI/include -I../../Wyrd/src -I../../dependencies/GLFW/include -I../../Wyrd/vendor/glad/include -I../../dependencies/jsonxx -I../../dependencies/soil/src -I../../dependencies/imgui -I../../dependencies/glm -I../.. -I/usr/include/mono-2.0 -I../../dependencies/spdlog/include -I../../dependencies/uuid/include -I../../dependencies/Hash/include -I../../dependencies/freetype/include -m64 -g -std=c++17  -o "../../obj/Debug/Editor/SceneRes.o" -MF "../../obj/Debug/Editor/SceneRes.d" -c "src/datamodels/resources/SceneRes.cpp"
echo ScriptRes.cpp
g++   -MD -MP -DWYRD_PLATFORM_LINUX -DWYRD_EDITOR_ENABLED -DGLM_ENABLE_EXPERIMENTAL -DNATIVE_API_LIB_LOC=/home/paul/projects/wyrd/WyrdEngine/lib/Debug/ -DMONO_INSTALL_LOC=/usr/ -DWYRD_DEBUG -Isrc -I../Players/Player/src -I../../codegen/src/Common/include -I../../codegen/src/PlayerAPI/include -I../../Wyrd/src -I../../dependencies/GLFW/include -I../../Wyrd/vendor/glad/include -I../../dependencies/jsonxx -I../../dependencies/soil/src -I../../dependencies/imgui -I../../dependencies/glm -I../.. -I/usr/include/mono-2.0 -I../../dependencies/spdlog/include -I../../dependencies/uuid/include -I../../dependencies/Hash/include -I../../dependencies/freetype/include -m64 -g -std=c++17  -o "../../obj/Debug/Editor/ScriptRes.o" -MF "../../obj/Debug/Editor/ScriptRes.d" -c "src/datamodels/resources/ScriptRes.cpp"
echo TextureRes.cpp
g++   -MD -MP -DWYRD_PLATFORM_LINUX -DWYRD_EDITOR_ENABLED -DGLM_ENABLE_EXPERIMENTAL -DNATIVE_API_LIB_LOC=/home/paul/projects/wyrd/WyrdEngine/lib/Debug/ -DMONO_INSTALL_LOC=/usr/ -DWYRD_DEBUG -Isrc -I../Players/Player/src -I../../codegen/src/Common/include -I../../codegen/src/PlayerAPI/include -I../../Wyrd/src -I../../dependencies/GLFW/include -I../../Wyrd/vendor/glad/include -I../../dependencies/jsonxx -I../../dependencies/soil/src -I../../dependencies/imgui -I../../dependencies/glm -I../.. -I/usr/include/mono-2.0 -I../../dependencies/spdlog/include -I../../dependencies/uuid/include -I../../dependencies/Hash/include -I../../dependencies/freetype/include -m64 -g -std=c++17  -o "../../obj/Debug/Editor/TextureRes.o" -MF "../../obj/Debug/Editor/TextureRes.d" -c "src/datamodels/resources/TextureRes.cpp"
echo ExportManager.cpp
g++   -MD -MP -DWYRD_PLATFORM_LINUX -DWYRD_EDITOR_ENABLED -DGLM_ENABLE_EXPERIMENTAL -DNATIVE_API_LIB_LOC=/home/paul/projects/wyrd/WyrdEngine/lib/Debug/ -DMONO_INSTALL_LOC=/usr/ -DWYRD_DEBUG -Isrc -I../Players/Player/src -I../../codegen/src/Common/include -I../../codegen/src/PlayerAPI/include -I../../Wyrd/src -I../../dependencies/GLFW/include -I../../Wyrd/vendor/glad/include -I../../dependencies/jsonxx -I../../dependencies/soil/src -I../../dependencies/imgui -I../../dependencies/glm -I../.. -I/usr/include/mono-2.0 -I../../dependencies/spdlog/include -I../../dependencies/uuid/include -I../../dependencies/Hash/include -I../../dependencies/freetype/include -m64 -g -std=c++17  -o "../../obj/Debug/Editor/ExportManager.o" -MF "../../obj/Debug/Editor/ExportManager.d" -c "src/export/ExportManager.cpp"
echo Translation2DGizmo.cpp
g++   -MD -MP -DWYRD_PLATFORM_LINUX -DWYRD_EDITOR_ENABLED -DGLM_ENABLE_EXPERIMENTAL -DNATIVE_API_LIB_LOC=/home/paul/projects/wyrd/WyrdEngine/lib/Debug/ -DMONO_INSTALL_LOC=/usr/ -DWYRD_DEBUG -Isrc -I../Players/Player/src -I../../codegen/src/Common/include -I../../codegen/src/PlayerAPI/include -I../../Wyrd/src -I../../dependencies/GLFW/include -I../../Wyrd/vendor/glad/include -I../../dependencies/jsonxx -I../../dependencies/soil/src -I../../dependencies/imgui -I../../dependencies/glm -I../.. -I/usr/include/mono-2.0 -I../../dependencies/spdlog/include -I../../dependencies/uuid/include -I../../dependencies/Hash/include -I../../dependencies/freetype/include -m64 -g -std=c++17  -o "../../obj/Debug/Editor/Translation2DGizmo.o" -MF "../../obj/Debug/Editor/Translation2DGizmo.d" -c "src/gizmos/2D/Translation2DGizmo.cpp"
echo Gizmo.cpp
g++   -MD -MP -DWYRD_PLATFORM_LINUX -DWYRD_EDITOR_ENABLED -DGLM_ENABLE_EXPERIMENTAL -DNATIVE_API_LIB_LOC=/home/paul/projects/wyrd/WyrdEngine/lib/Debug/ -DMONO_INSTALL_LOC=/usr/ -DWYRD_DEBUG -Isrc -I../Players/Player/src -I../../codegen/src/Common/include -I../../codegen/src/PlayerAPI/include -I../../Wyrd/src -I../../dependencies/GLFW/include -I../../Wyrd/vendor/glad/include -I../../dependencies/jsonxx -I../../dependencies/soil/src -I../../dependencies/imgui -I../../dependencies/glm -I../.. -I/usr/include/mono-2.0 -I../../dependencies/spdlog/include -I../../dependencies/uuid/include -I../../dependencies/Hash/include -I../../dependencies/freetype/include -m64 -g -std=c++17  -o "../../obj/Debug/Editor/Gizmo.o" -MF "../../obj/Debug/Editor/Gizmo.d" -c "src/gizmos/Gizmo.cpp"
echo GizmoHandle.cpp
g++   -MD -MP -DWYRD_PLATFORM_LINUX -DWYRD_EDITOR_ENABLED -DGLM_ENABLE_EXPERIMENTAL -DNATIVE_API_LIB_LOC=/home/paul/projects/wyrd/WyrdEngine/lib/Debug/ -DMONO_INSTALL_LOC=/usr/ -DWYRD_DEBUG -Isrc -I../Players/Player/src -I../../codegen/src/Common/include -I../../codegen/src/PlayerAPI/include -I../../Wyrd/src -I../../dependencies/GLFW/include -I../../Wyrd/vendor/glad/include -I../../dependencies/jsonxx -I../../dependencies/soil/src -I../../dependencies/imgui -I../../dependencies/glm -I../.. -I/usr/include/mono-2.0 -I../../dependencies/spdlog/include -I../../dependencies/uuid/include -I../../dependencies/Hash/include -I../../dependencies/freetype/include -m64 -g -std=c++17  -o "../../obj/Debug/Editor/GizmoHandle.o" -MF "../../obj/Debug/Editor/GizmoHandle.d" -c "src/gizmos/GizmoHandle.cpp"
echo GridGizmo.cpp
g++   -MD -MP -DWYRD_PLATFORM_LINUX -DWYRD_EDITOR_ENABLED -DGLM_ENABLE_EXPERIMENTAL -DNATIVE_API_LIB_LOC=/home/paul/projects/wyrd/WyrdEngine/lib/Debug/ -DMONO_INSTALL_LOC=/usr/ -DWYRD_DEBUG -Isrc -I../Players/Player/src -I../../codegen/src/Common/include -I../../codegen/src/PlayerAPI/include -I../../Wyrd/src -I../../dependencies/GLFW/include -I../../Wyrd/vendor/glad/include -I../../dependencies/jsonxx -I../../dependencies/soil/src -I../../dependencies/imgui -I../../dependencies/glm -I../.. -I/usr/include/mono-2.0 -I../../dependencies/spdlog/include -I../../dependencies/uuid/include -I../../dependencies/Hash/include -I../../dependencies/freetype/include -m64 -g -std=c++17  -o "../../obj/Debug/Editor/GridGizmo.o" -MF "../../obj/Debug/Editor/GridGizmo.d" -c "src/gizmos/GridGizmo.cpp"
echo TranslationGizmo.cpp
g++   -MD -MP -DWYRD_PLATFORM_LINUX -DWYRD_EDITOR_ENABLED -DGLM_ENABLE_EXPERIMENTAL -DNATIVE_API_LIB_LOC=/home/paul/projects/wyrd/WyrdEngine/lib/Debug/ -DMONO_INSTALL_LOC=/usr/ -DWYRD_DEBUG -Isrc -I../Players/Player/src -I../../codegen/src/Common/include -I../../codegen/src/PlayerAPI/include -I../../Wyrd/src -I../../dependencies/GLFW/include -I../../Wyrd/vendor/glad/include -I../../dependencies/jsonxx -I../../dependencies/soil/src -I../../dependencies/imgui -I../../dependencies/glm -I../.. -I/usr/include/mono-2.0 -I../../dependencies/spdlog/include -I../../dependencies/uuid/include -I../../dependencies/Hash/include -I../../dependencies/freetype/include -m64 -g -std=c++17  -o "../../obj/Debug/Editor/TranslationGizmo.o" -MF "../../obj/Debug/Editor/TranslationGizmo.d" -c "src/gizmos/TranslationGizmo.cpp"
echo EditorLayer.cpp
g++   -MD -MP -DWYRD_PLATFORM_LINUX -DWYRD_EDITOR_ENABLED -DGLM_ENABLE_EXPERIMENTAL -DNATIVE_API_LIB_LOC=/home/paul/projects/wyrd/WyrdEngine/lib/Debug/ -DMONO_INSTALL_LOC=/usr/ -DWYRD_DEBUG -Isrc -I../Players/Player/src -I../../codegen/src/Common/include -I../../codegen/src/PlayerAPI/include -I../../Wyrd/src -I../../dependencies/GLFW/include -I../../Wyrd/vendor/glad/include -I../../dependencies/jsonxx -I../../dependencies/soil/src -I../../dependencies/imgui -I../../dependencies/glm -I../.. -I/usr/include/mono-2.0 -I../../dependencies/spdlog/include -I../../dependencies/uuid/include -I../../dependencies/Hash/include -I../../dependencies/freetype/include -m64 -g -std=c++17  -o "../../obj/Debug/Editor/EditorLayer.o" -MF "../../obj/Debug/Editor/EditorLayer.d" -c "src/layers/EditorLayer.cpp"
echo RenderDocLayer.cpp
g++   -MD -MP -DWYRD_PLATFORM_LINUX -DWYRD_EDITOR_ENABLED -DGLM_ENABLE_EXPERIMENTAL -DNATIVE_API_LIB_LOC=/home/paul/projects/wyrd/WyrdEngine/lib/Debug/ -DMONO_INSTALL_LOC=/usr/ -DWYRD_DEBUG -Isrc -I../Players/Player/src -I../../codegen/src/Common/include -I../../codegen/src/PlayerAPI/include -I../../Wyrd/src -I../../dependencies/GLFW/include -I../../Wyrd/vendor/glad/include -I../../dependencies/jsonxx -I../../dependencies/soil/src -I../../dependencies/imgui -I../../dependencies/glm -I../.. -I/usr/include/mono-2.0 -I../../dependencies/spdlog/include -I../../dependencies/uuid/include -I../../dependencies/Hash/include -I../../dependencies/freetype/include -m64 -g -std=c++17  -o "../../obj/Debug/Editor/RenderDocLayer.o" -MF "../../obj/Debug/Editor/RenderDocLayer.d" -c "src/layers/RenderDocLayer.cpp"
echo AssetCacheLoader.cpp
g++   -MD -MP -DWYRD_PLATFORM_LINUX -DWYRD_EDITOR_ENABLED -DGLM_ENABLE_EXPERIMENTAL -DNATIVE_API_LIB_LOC=/home/paul/projects/wyrd/WyrdEngine/lib/Debug/ -DMONO_INSTALL_LOC=/usr/ -DWYRD_DEBUG -Isrc -I../Players/Player/src -I../../codegen/src/Common/include -I../../codegen/src/PlayerAPI/include -I../../Wyrd/src -I../../dependencies/GLFW/include -I../../Wyrd/vendor/glad/include -I../../dependencies/jsonxx -I../../dependencies/soil/src -I../../dependencies/imgui -I../../dependencies/glm -I../.. -I/usr/include/mono-2.0 -I../../dependencies/spdlog/include -I../../dependencies/uuid/include -I../../dependencies/Hash/include -I../../dependencies/freetype/include -m64 -g -std=c++17  -o "../../obj/Debug/Editor/AssetCacheLoader.o" -MF "../../obj/Debug/Editor/AssetCacheLoader.d" -c "src/loaders/AssetCacheLoader.cpp"
echo IconSetLoader.cpp
g++   -MD -MP -DWYRD_PLATFORM_LINUX -DWYRD_EDITOR_ENABLED -DGLM_ENABLE_EXPERIMENTAL -DNATIVE_API_LIB_LOC=/home/paul/projects/wyrd/WyrdEngine/lib/Debug/ -DMONO_INSTALL_LOC=/usr/ -DWYRD_DEBUG -Isrc -I../Players/Player/src -I../../codegen/src/Common/include -I../../codegen/src/PlayerAPI/include -I../../Wyrd/src -I../../dependencies/GLFW/include -I../../Wyrd/vendor/glad/include -I../../dependencies/jsonxx -I../../dependencies/soil/src -I../../dependencies/imgui -I../../dependencies/glm -I../.. -I/usr/include/mono-2.0 -I../../dependencies/spdlog/include -I../../dependencies/uuid/include -I../../dependencies/Hash/include -I../../dependencies/freetype/include -m64 -g -std=c++17  -o "../../obj/Debug/Editor/IconSetLoader.o" -MF "../../obj/Debug/Editor/IconSetLoader.d" -c "src/loaders/IconSetLoader.cpp"
echo ObjLoader.cpp
g++   -MD -MP -DWYRD_PLATFORM_LINUX -DWYRD_EDITOR_ENABLED -DGLM_ENABLE_EXPERIMENTAL -DNATIVE_API_LIB_LOC=/home/paul/projects/wyrd/WyrdEngine/lib/Debug/ -DMONO_INSTALL_LOC=/usr/ -DWYRD_DEBUG -Isrc -I../Players/Player/src -I../../codegen/src/Common/include -I../../codegen/src/PlayerAPI/include -I../../Wyrd/src -I../../dependencies/GLFW/include -I../../Wyrd/vendor/glad/include -I../../dependencies/jsonxx -I../../dependencies/soil/src -I../../dependencies/imgui -I../../dependencies/glm -I../.. -I/usr/include/mono-2.0 -I../../dependencies/spdlog/include -I../../dependencies/uuid/include -I../../dependencies/Hash/include -I../../dependencies/freetype/include -m64 -g -std=c++17  -o "../../obj/Debug/Editor/ObjLoader.o" -MF "../../obj/Debug/Editor/ObjLoader.d" -c "src/loaders/ObjLoader.cpp"
echo ProjectLoader.cpp
g++   -MD -MP -DWYRD_PLATFORM_LINUX -DWYRD_EDITOR_ENABLED -DGLM_ENABLE_EXPERIMENTAL -DNATIVE_API_LIB_LOC=/home/paul/projects/wyrd/WyrdEngine/lib/Debug/ -DMONO_INSTALL_LOC=/usr/ -DWYRD_DEBUG -Isrc -I../Players/Player/src -I../../codegen/src/Common/include -I../../codegen/src/PlayerAPI/include -I../../Wyrd/src -I../../dependencies/GLFW/include -I../../Wyrd/vendor/glad/include -I../../dependencies/jsonxx -I../../dependencies/soil/src -I../../dependencies/imgui -I../../dependencies/glm -I../.. -I/usr/include/mono-2.0 -I../../dependencies/spdlog/include -I../../dependencies/uuid/include -I../../dependencies/Hash/include -I../../dependencies/freetype/include -m64 -g -std=c++17  -o "../../obj/Debug/Editor/ProjectLoader.o" -MF "../../obj/Debug/Editor/ProjectLoader.d" -c "src/loaders/ProjectLoader.cpp"
echo SceneLoader.cpp
g++   -MD -MP -DWYRD_PLATFORM_LINUX -DWYRD_EDITOR_ENABLED -DGLM_ENABLE_EXPERIMENTAL -DNATIVE_API_LIB_LOC=/home/paul/projects/wyrd/WyrdEngine/lib/Debug/ -DMONO_INSTALL_LOC=/usr/ -DWYRD_DEBUG -Isrc -I../Players/Player/src -I../../codegen/src/Common/include -I../../codegen/src/PlayerAPI/include -I../../Wyrd/src -I../../dependencies/GLFW/include -I../../Wyrd/vendor/glad/include -I../../dependencies/jsonxx -I../../dependencies/soil/src -I../../dependencies/imgui -I../../dependencies/glm -I../.. -I/usr/include/mono-2.0 -I../../dependencies/spdlog/include -I../../dependencies/uuid/include -I../../dependencies/Hash/include -I../../dependencies/freetype/include -m64 -g -std=c++17  -o "../../obj/Debug/Editor/SceneLoader.o" -MF "../../obj/Debug/Editor/SceneLoader.d" -c "src/loaders/SceneLoader.cpp"
echo SpriteSheetLoader.cpp
g++   -MD -MP -DWYRD_PLATFORM_LINUX -DWYRD_EDITOR_ENABLED -DGLM_ENABLE_EXPERIMENTAL -DNATIVE_API_LIB_LOC=/home/paul/projects/wyrd/WyrdEngine/lib/Debug/ -DMONO_INSTALL_LOC=/usr/ -DWYRD_DEBUG -Isrc -I../Players/Player/src -I../../codegen/src/Common/include -I../../codegen/src/PlayerAPI/include -I../../Wyrd/src -I../../dependencies/GLFW/include -I../../Wyrd/vendor/glad/include -I../../dependencies/jsonxx -I../../dependencies/soil/src -I../../dependencies/imgui -I../../dependencies/glm -I../.. -I/usr/include/mono-2.0 -I../../dependencies/spdlog/include -I../../dependencies/uuid/include -I../../dependencies/Hash/include -I../../dependencies/freetype/include -m64 -g -std=c++17  -o "../../obj/Debug/Editor/SpriteSheetLoader.o" -MF "../../obj/Debug/Editor/SpriteSheetLoader.d" -c "src/loaders/SpriteSheetLoader.cpp"
echo TextureLoader.cpp
g++   -MD -MP -DWYRD_PLATFORM_LINUX -DWYRD_EDITOR_ENABLED -DGLM_ENABLE_EXPERIMENTAL -DNATIVE_API_LIB_LOC=/home/paul/projects/wyrd/WyrdEngine/lib/Debug/ -DMONO_INSTALL_LOC=/usr/ -DWYRD_DEBUG -Isrc -I../Players/Player/src -I../../codegen/src/Common/include -I../../codegen/src/PlayerAPI/include -I../../Wyrd/src -I../../dependencies/GLFW/include -I../../Wyrd/vendor/glad/include -I../../dependencies/jsonxx -I../../dependencies/soil/src -I../../dependencies/imgui -I../../dependencies/glm -I../.. -I/usr/include/mono-2.0 -I../../dependencies/spdlog/include -I../../dependencies/uuid/include -I../../dependencies/Hash/include -I../../dependencies/freetype/include -m64 -g -std=c++17  -o "../../obj/Debug/Editor/TextureLoader.o" -MF "../../obj/Debug/Editor/TextureLoader.d" -c "src/loaders/TextureLoader.cpp"
echo main.cpp
g++   -MD -MP -DWYRD_PLATFORM_LINUX -DWYRD_EDITOR_ENABLED -DGLM_ENABLE_EXPERIMENTAL -DNATIVE_API_LIB_LOC=/home/paul/projects/wyrd/WyrdEngine/lib/Debug/ -DMONO_INSTALL_LOC=/usr/ -DWYRD_DEBUG -Isrc -I../Players/Player/src -I../../codegen/src/Common/include -I../../codegen/src/PlayerAPI/include -I../../Wyrd/src -I../../dependencies/GLFW/include -I../../Wyrd/vendor/glad/include -I../../dependencies/jsonxx -I../../dependencies/soil/src -I../../dependencies/imgui -I../../dependencies/glm -I../.. -I/usr/include/mono-2.0 -I../../dependencies/spdlog/include -I../../dependencies/uuid/include -I../../dependencies/Hash/include -I../../dependencies/freetype/include -m64 -g -std=c++17  -o "../../obj/Debug/Editor/main.o" -MF "../../obj/Debug/Editor/main.d" -c "src/main.cpp"
echo EditorSceneManager.cpp
g++   -MD -MP -DWYRD_PLATFORM_LINUX -DWYRD_EDITOR_ENABLED -DGLM_ENABLE_EXPERIMENTAL -DNATIVE_API_LIB_LOC=/home/paul/projects/wyrd/WyrdEngine/lib/Debug/ -DMONO_INSTALL_LOC=/usr/ -DWYRD_DEBUG -Isrc -I../Players/Player/src -I../../codegen/src/Common/include -I../../codegen/src/PlayerAPI/include -I../../Wyrd/src -I../../dependencies/GLFW/include -I../../Wyrd/vendor/glad/include -I../../dependencies/jsonxx -I../../dependencies/soil/src -I../../dependencies/imgui -I../../dependencies/glm -I../.. -I/usr/include/mono-2.0 -I../../dependencies/spdlog/include -I../../dependencies/uuid/include -I../../dependencies/Hash/include -I../../dependencies/freetype/include -m64 -g -std=c++17  -o "../../obj/Debug/Editor/EditorSceneManager.o" -MF "../../obj/Debug/Editor/EditorSceneManager.d" -c "src/managers/EditorSceneManager.cpp"
echo imgui_opengl_renderer.cpp
g++   -MD -MP -DWYRD_PLATFORM_LINUX -DWYRD_EDITOR_ENABLED -DGLM_ENABLE_EXPERIMENTAL -DNATIVE_API_LIB_LOC=/home/paul/projects/wyrd/WyrdEngine/lib/Debug/ -DMONO_INSTALL_LOC=/usr/ -DWYRD_DEBUG -Isrc -I../Players/Player/src -I../../codegen/src/Common/include -I../../codegen/src/PlayerAPI/include -I../../Wyrd/src -I../../dependencies/GLFW/include -I../../Wyrd/vendor/glad/include -I../../dependencies/jsonxx -I../../dependencies/soil/src -I../../dependencies/imgui -I../../dependencies/glm -I../.. -I/usr/include/mono-2.0 -I../../dependencies/spdlog/include -I../../dependencies/uuid/include -I../../dependencies/Hash/include -I../../dependencies/freetype/include -m64 -g -std=c++17  -o "../../obj/Debug/Editor/imgui_opengl_renderer.o" -MF "../../obj/Debug/Editor/imgui_opengl_renderer.d" -c "src/platform/OpenGL/imgui_opengl_renderer.cpp"
echo CoreSystemsService.cpp
g++   -MD -MP -DWYRD_PLATFORM_LINUX -DWYRD_EDITOR_ENABLED -DGLM_ENABLE_EXPERIMENTAL -DNATIVE_API_LIB_LOC=/home/paul/projects/wyrd/WyrdEngine/lib/Debug/ -DMONO_INSTALL_LOC=/usr/ -DWYRD_DEBUG -Isrc -I../Players/Player/src -I../../codegen/src/Common/include -I../../codegen/src/PlayerAPI/include -I../../Wyrd/src -I../../dependencies/GLFW/include -I../../Wyrd/vendor/glad/include -I../../dependencies/jsonxx -I../../dependencies/soil/src -I../../dependencies/imgui -I../../dependencies/glm -I../.. -I/usr/include/mono-2.0 -I../../dependencies/spdlog/include -I../../dependencies/uuid/include -I../../dependencies/Hash/include -I../../dependencies/freetype/include -m64 -g -std=c++17  -o "../../obj/Debug/Editor/CoreSystemsService.o" -MF "../../obj/Debug/Editor/CoreSystemsService.d" -c "src/services/CoreSystemsService.cpp"
echo DialogService.cpp
g++   -MD -MP -DWYRD_PLATFORM_LINUX -DWYRD_EDITOR_ENABLED -DGLM_ENABLE_EXPERIMENTAL -DNATIVE_API_LIB_LOC=/home/paul/projects/wyrd/WyrdEngine/lib/Debug/ -DMONO_INSTALL_LOC=/usr/ -DWYRD_DEBUG -Isrc -I../Players/Player/src -I../../codegen/src/Common/include -I../../codegen/src/PlayerAPI/include -I../../Wyrd/src -I../../dependencies/GLFW/include -I../../Wyrd/vendor/glad/include -I../../dependencies/jsonxx -I../../dependencies/soil/src -I../../dependencies/imgui -I../../dependencies/glm -I../.. -I/usr/include/mono-2.0 -I../../dependencies/spdlog/include -I../../dependencies/uuid/include -I../../dependencies/Hash/include -I../../dependencies/freetype/include -m64 -g -std=c++17  -o "../../obj/Debug/Editor/DialogService.o" -MF "../../obj/Debug/Editor/DialogService.d" -c "src/services/DialogService.cpp"
echo EventsService.cpp
g++   -MD -MP -DWYRD_PLATFORM_LINUX -DWYRD_EDITOR_ENABLED -DGLM_ENABLE_EXPERIMENTAL -DNATIVE_API_LIB_LOC=/home/paul/projects/wyrd/WyrdEngine/lib/Debug/ -DMONO_INSTALL_LOC=/usr/ -DWYRD_DEBUG -Isrc -I../Players/Player/src -I../../codegen/src/Common/include -I../../codegen/src/PlayerAPI/include -I../../Wyrd/src -I../../dependencies/GLFW/include -I../../Wyrd/vendor/glad/include -I../../dependencies/jsonxx -I../../dependencies/soil/src -I../../dependencies/imgui -I../../dependencies/glm -I../.. -I/usr/include/mono-2.0 -I../../dependencies/spdlog/include -I../../dependencies/uuid/include -I../../dependencies/Hash/include -I../../dependencies/freetype/include -m64 -g -std=c++17  -o "../../obj/Debug/Editor/EventsService.o" -MF "../../obj/Debug/Editor/EventsService.d" -c "src/services/EventsService.cpp"
echo ResourceService.cpp
g++   -MD -MP -DWYRD_PLATFORM_LINUX -DWYRD_EDITOR_ENABLED -DGLM_ENABLE_EXPERIMENTAL -DNATIVE_API_LIB_LOC=/home/paul/projects/wyrd/WyrdEngine/lib/Debug/ -DMONO_INSTALL_LOC=/usr/ -DWYRD_DEBUG -Isrc -I../Players/Player/src -I../../codegen/src/Common/include -I../../codegen/src/PlayerAPI/include -I../../Wyrd/src -I../../dependencies/GLFW/include -I../../Wyrd/vendor/glad/include -I../../dependencies/jsonxx -I../../dependencies/soil/src -I../../dependencies/imgui -I../../dependencies/glm -I../.. -I/usr/include/mono-2.0 -I../../dependencies/spdlog/include -I../../dependencies/uuid/include -I../../dependencies/Hash/include -I../../dependencies/freetype/include -m64 -g -std=c++17  -o "../../obj/Debug/Editor/ResourceService.o" -MF "../../obj/Debug/Editor/ResourceService.d" -c "src/services/ResourceService.cpp"
echo ServiceManager.cpp
g++   -MD -MP -DWYRD_PLATFORM_LINUX -DWYRD_EDITOR_ENABLED -DGLM_ENABLE_EXPERIMENTAL -DNATIVE_API_LIB_LOC=/home/paul/projects/wyrd/WyrdEngine/lib/Debug/ -DMONO_INSTALL_LOC=/usr/ -DWYRD_DEBUG -Isrc -I../Players/Player/src -I../../codegen/src/Common/include -I../../codegen/src/PlayerAPI/include -I../../Wyrd/src -I../../dependencies/GLFW/include -I../../Wyrd/vendor/glad/include -I../../dependencies/jsonxx -I../../dependencies/soil/src -I../../dependencies/imgui -I../../dependencies/glm -I../.. -I/usr/include/mono-2.0 -I../../dependencies/spdlog/include -I../../dependencies/uuid/include -I../../dependencies/Hash/include -I../../dependencies/freetype/include -m64 -g -std=c++17  -o "../../obj/Debug/Editor/ServiceManager.o" -MF "../../obj/Debug/Editor/ServiceManager.d" -c "src/services/ServiceManager.cpp"
echo SettingsService.cpp
g++   -MD -MP -DWYRD_PLATFORM_LINUX -DWYRD_EDITOR_ENABLED -DGLM_ENABLE_EXPERIMENTAL -DNATIVE_API_LIB_LOC=/home/paul/projects/wyrd/WyrdEngine/lib/Debug/ -DMONO_INSTALL_LOC=/usr/ -DWYRD_DEBUG -Isrc -I../Players/Player/src -I../../codegen/src/Common/include -I../../codegen/src/PlayerAPI/include -I../../Wyrd/src -I../../dependencies/GLFW/include -I../../Wyrd/vendor/glad/include -I../../dependencies/jsonxx -I../../dependencies/soil/src -I../../dependencies/imgui -I../../dependencies/glm -I../.. -I/usr/include/mono-2.0 -I../../dependencies/spdlog/include -I../../dependencies/uuid/include -I../../dependencies/Hash/include -I../../dependencies/freetype/include -m64 -g -std=c++17  -o "../../obj/Debug/Editor/SettingsService.o" -MF "../../obj/Debug/Editor/SettingsService.d" -c "src/services/SettingsService.cpp"
echo SimulationService.cpp
g++   -MD -MP -DWYRD_PLATFORM_LINUX -DWYRD_EDITOR_ENABLED -DGLM_ENABLE_EXPERIMENTAL -DNATIVE_API_LIB_LOC=/home/paul/projects/wyrd/WyrdEngine/lib/Debug/ -DMONO_INSTALL_LOC=/usr/ -DWYRD_DEBUG -Isrc -I../Players/Player/src -I../../codegen/src/Common/include -I../../codegen/src/PlayerAPI/include -I../../Wyrd/src -I../../dependencies/GLFW/include -I../../Wyrd/vendor/glad/include -I../../dependencies/jsonxx -I../../dependencies/soil/src -I../../dependencies/imgui -I../../dependencies/glm -I../.. -I/usr/include/mono-2.0 -I../../dependencies/spdlog/include -I../../dependencies/uuid/include -I../../dependencies/Hash/include -I../../dependencies/freetype/include -m64 -g -std=c++17  -o "../../obj/Debug/Editor/SimulationService.o" -MF "../../obj/Debug/Editor/SimulationService.d" -c "src/services/SimulationService.cpp"
echo WorkspaceService.cpp
g++   -MD -MP -DWYRD_PLATFORM_LINUX -DWYRD_EDITOR_ENABLED -DGLM_ENABLE_EXPERIMENTAL -DNATIVE_API_LIB_LOC=/home/paul/projects/wyrd/WyrdEngine/lib/Debug/ -DMONO_INSTALL_LOC=/usr/ -DWYRD_DEBUG -Isrc -I../Players/Player/src -I../../codegen/src/Common/include -I../../codegen/src/PlayerAPI/include -I../../Wyrd/src -I../../dependencies/GLFW/include -I../../Wyrd/vendor/glad/include -I../../dependencies/jsonxx -I../../dependencies/soil/src -I../../dependencies/imgui -I../../dependencies/glm -I../.. -I/usr/include/mono-2.0 -I../../dependencies/spdlog/include -I../../dependencies/uuid/include -I../../dependencies/Hash/include -I../../dependencies/freetype/include -m64 -g -std=c++17  -o "../../obj/Debug/Editor/WorkspaceService.o" -MF "../../obj/Debug/Editor/WorkspaceService.d" -c "src/services/WorkspaceService.cpp"
echo BinPacker.cpp
g++   -MD -MP -DWYRD_PLATFORM_LINUX -DWYRD_EDITOR_ENABLED -DGLM_ENABLE_EXPERIMENTAL -DNATIVE_API_LIB_LOC=/home/paul/projects/wyrd/WyrdEngine/lib/Debug/ -DMONO_INSTALL_LOC=/usr/ -DWYRD_DEBUG -Isrc -I../Players/Player/src -I../../codegen/src/Common/include -I../../codegen/src/PlayerAPI/include -I../../Wyrd/src -I../../dependencies/GLFW/include -I../../Wyrd/vendor/glad/include -I../../dependencies/jsonxx -I../../dependencies/soil/src -I../../dependencies/imgui -I../../dependencies/glm -I../.. -I/usr/include/mono-2.0 -I../../dependencies/spdlog/include -I../../dependencies/uuid/include -I../../dependencies/Hash/include -I../../dependencies/freetype/include -m64 -g -std=c++17  -o "../../obj/Debug/Editor/BinPacker.o" -MF "../../obj/Debug/Editor/BinPacker.d" -c "src/support/BinPacker.cpp"
echo FileWatcher.cpp
g++   -MD -MP -DWYRD_PLATFORM_LINUX -DWYRD_EDITOR_ENABLED -DGLM_ENABLE_EXPERIMENTAL -DNATIVE_API_LIB_LOC=/home/paul/projects/wyrd/WyrdEngine/lib/Debug/ -DMONO_INSTALL_LOC=/usr/ -DWYRD_DEBUG -Isrc -I../Players/Player/src -I../../codegen/src/Common/include -I../../codegen/src/PlayerAPI/include -I../../Wyrd/src -I../../dependencies/GLFW/include -I../../Wyrd/vendor/glad/include -I../../dependencies/jsonxx -I../../dependencies/soil/src -I../../dependencies/imgui -I../../dependencies/glm -I../.. -I/usr/include/mono-2.0 -I../../dependencies/spdlog/include -I../../dependencies/uuid/include -I../../dependencies/Hash/include -I../../dependencies/freetype/include -m64 -g -std=c++17  -o "../../obj/Debug/Editor/FileWatcher.o" -MF "../../obj/Debug/Editor/FileWatcher.d" -c "src/support/FileWatcher.cpp"
echo IconLibrary.cpp
g++   -MD -MP -DWYRD_PLATFORM_LINUX -DWYRD_EDITOR_ENABLED -DGLM_ENABLE_EXPERIMENTAL -DNATIVE_API_LIB_LOC=/home/paul/projects/wyrd/WyrdEngine/lib/Debug/ -DMONO_INSTALL_LOC=/usr/ -DWYRD_DEBUG -Isrc -I../Players/Player/src -I../../codegen/src/Common/include -I../../codegen/src/PlayerAPI/include -I../../Wyrd/src -I../../dependencies/GLFW/include -I../../Wyrd/vendor/glad/include -I../../dependencies/jsonxx -I../../dependencies/soil/src -I../../dependencies/imgui -I../../dependencies/glm -I../.. -I/usr/include/mono-2.0 -I../../dependencies/spdlog/include -I../../dependencies/uuid/include -I../../dependencies/Hash/include -I../../dependencies/freetype/include -m64 -g -std=c++17  -o "../../obj/Debug/Editor/IconLibrary.o" -MF "../../obj/Debug/Editor/IconLibrary.d" -c "src/support/IconLibrary.cpp"
echo ImGuiUtils.cpp
g++   -MD -MP -DWYRD_PLATFORM_LINUX -DWYRD_EDITOR_ENABLED -DGLM_ENABLE_EXPERIMENTAL -DNATIVE_API_LIB_LOC=/home/paul/projects/wyrd/WyrdEngine/lib/Debug/ -DMONO_INSTALL_LOC=/usr/ -DWYRD_DEBUG -Isrc -I../Players/Player/src -I../../codegen/src/Common/include -I../../codegen/src/PlayerAPI/include -I../../Wyrd/src -I../../dependencies/GLFW/include -I../../Wyrd/vendor/glad/include -I../../dependencies/jsonxx -I../../dependencies/soil/src -I../../dependencies/imgui -I../../dependencies/glm -I../.. -I/usr/include/mono-2.0 -I../../dependencies/spdlog/include -I../../dependencies/uuid/include -I../../dependencies/Hash/include -I../../dependencies/freetype/include -m64 -g -std=c++17  -o "../../obj/Debug/Editor/ImGuiUtils.o" -MF "../../obj/Debug/Editor/ImGuiUtils.d" -c "src/support/ImGuiUtils.cpp"
echo IniParser.cpp
g++   -MD -MP -DWYRD_PLATFORM_LINUX -DWYRD_EDITOR_ENABLED -DGLM_ENABLE_EXPERIMENTAL -DNATIVE_API_LIB_LOC=/home/paul/projects/wyrd/WyrdEngine/lib/Debug/ -DMONO_INSTALL_LOC=/usr/ -DWYRD_DEBUG -Isrc -I../Players/Player/src -I../../codegen/src/Common/include -I../../codegen/src/PlayerAPI/include -I../../Wyrd/src -I../../dependencies/GLFW/include -I../../Wyrd/vendor/glad/include -I../../dependencies/jsonxx -I../../dependencies/soil/src -I../../dependencies/imgui -I../../dependencies/glm -I../.. -I/usr/include/mono-2.0 -I../../dependencies/spdlog/include -I../../dependencies/uuid/include -I../../dependencies/Hash/include -I../../dependencies/freetype/include -m64 -g -std=c++17  -o "../../obj/Debug/Editor/IniParser.o" -MF "../../obj/Debug/Editor/IniParser.d" -c "src/support/IniParser.cpp"
echo RelationshipHelperFuncs.cpp
g++   -MD -MP -DWYRD_PLATFORM_LINUX -DWYRD_EDITOR_ENABLED -DGLM_ENABLE_EXPERIMENTAL -DNATIVE_API_LIB_LOC=/home/paul/projects/wyrd/WyrdEngine/lib/Debug/ -DMONO_INSTALL_LOC=/usr/ -DWYRD_DEBUG -Isrc -I../Players/Player/src -I../../codegen/src/Common/include -I../../codegen/src/PlayerAPI/include -I../../Wyrd/src -I../../dependencies/GLFW/include -I../../Wyrd/vendor/glad/include -I../../dependencies/jsonxx -I../../dependencies/soil/src -I../../dependencies/imgui -I../../dependencies/glm -I../.. -I/usr/include/mono-2.0 -I../../dependencies/spdlog/include -I../../dependencies/uuid/include -I../../dependencies/Hash/include -I../../dependencies/freetype/include -m64 -g -std=c++17  -o "../../obj/Debug/Editor/RelationshipHelperFuncs.o" -MF "../../obj/Debug/Editor/RelationshipHelperFuncs.d" -c "src/support/RelationshipHelperFuncs.cpp"
echo Utils.cpp
g++   -MD -MP -DWYRD_PLATFORM_LINUX -DWYRD_EDITOR_ENABLED -DGLM_ENABLE_EXPERIMENTAL -DNATIVE_API_LIB_LOC=/home/paul/projects/wyrd/WyrdEngine/lib/Debug/ -DMONO_INSTALL_LOC=/usr/ -DWYRD_DEBUG -Isrc -I../Players/Player/src -I../../codegen/src/Common/include -I../../codegen/src/PlayerAPI/include -I../../Wyrd/src -I../../dependencies/GLFW/include -I../../Wyrd/vendor/glad/include -I../../dependencies/jsonxx -I../../dependencies/soil/src -I../../dependencies/imgui -I../../dependencies/glm -I../.. -I/usr/include/mono-2.0 -I../../dependencies/spdlog/include -I../../dependencies/uuid/include -I../../dependencies/Hash/include -I../../dependencies/freetype/include -m64 -g -std=c++17  -o "../../obj/Debug/Editor/Utils.o" -MF "../../obj/Debug/Editor/Utils.d" -c "src/support/Utils.cpp"
echo AssetViewer.cpp
g++   -MD -MP -DWYRD_PLATFORM_LINUX -DWYRD_EDITOR_ENABLED -DGLM_ENABLE_EXPERIMENTAL -DNATIVE_API_LIB_LOC=/home/paul/projects/wyrd/WyrdEngine/lib/Debug/ -DMONO_INSTALL_LOC=/usr/ -DWYRD_DEBUG -Isrc -I../Players/Player/src -I../../codegen/src/Common/include -I../../codegen/src/PlayerAPI/include -I../../Wyrd/src -I../../dependencies/GLFW/include -I../../Wyrd/vendor/glad/include -I../../dependencies/jsonxx -I../../dependencies/soil/src -I../../dependencies/imgui -I../../dependencies/glm -I../.. -I/usr/include/mono-2.0 -I../../dependencies/spdlog/include -I../../dependencies/uuid/include -I../../dependencies/Hash/include -I../../dependencies/freetype/include -m64 -g -std=c++17  -o "../../obj/Debug/Editor/AssetViewer.o" -MF "../../obj/Debug/Editor/AssetViewer.d" -c "src/views/AssetViewer/AssetViewer.cpp"
echo ConfirmationDialog.cpp
g++   -MD -MP -DWYRD_PLATFORM_LINUX -DWYRD_EDITOR_ENABLED -DGLM_ENABLE_EXPERIMENTAL -DNATIVE_API_LIB_LOC=/home/paul/projects/wyrd/WyrdEngine/lib/Debug/ -DMONO_INSTALL_LOC=/usr/ -DWYRD_DEBUG -Isrc -I../Players/Player/src -I../../codegen/src/Common/include -I../../codegen/src/PlayerAPI/include -I../../Wyrd/src -I../../dependencies/GLFW/include -I../../Wyrd/vendor/glad/include -I../../dependencies/jsonxx -I../../dependencies/soil/src -I../../dependencies/imgui -I../../dependencies/glm -I../.. -I/usr/include/mono-2.0 -I../../dependencies/spdlog/include -I../../dependencies/uuid/include -I../../dependencies/Hash/include -I../../dependencies/freetype/include -m64 -g -std=c++17  -o "../../obj/Debug/Editor/ConfirmationDialog.o" -MF "../../obj/Debug/Editor/ConfirmationDialog.d" -c "src/views/Dialogs/ConfirmationDialog.cpp"
echo NewProjectDialog.cpp
g++   -MD -MP -DWYRD_PLATFORM_LINUX -DWYRD_EDITOR_ENABLED -DGLM_ENABLE_EXPERIMENTAL -DNATIVE_API_LIB_LOC=/home/paul/projects/wyrd/WyrdEngine/lib/Debug/ -DMONO_INSTALL_LOC=/usr/ -DWYRD_DEBUG -Isrc -I../Players/Player/src -I../../codegen/src/Common/include -I../../codegen/src/PlayerAPI/include -I../../Wyrd/src -I../../dependencies/GLFW/include -I../../Wyrd/vendor/glad/include -I../../dependencies/jsonxx -I../../dependencies/soil/src -I../../dependencies/imgui -I../../dependencies/glm -I../.. -I/usr/include/mono-2.0 -I../../dependencies/spdlog/include -I../../dependencies/uuid/include -I../../dependencies/Hash/include -I../../dependencies/freetype/include -m64 -g -std=c++17  -o "../../obj/Debug/Editor/NewProjectDialog.o" -MF "../../obj/Debug/Editor/NewProjectDialog.d" -c "src/views/Dialogs/NewProjectDialog.cpp"
echo NewSceneDialog.cpp
g++   -MD -MP -DWYRD_PLATFORM_LINUX -DWYRD_EDITOR_ENABLED -DGLM_ENABLE_EXPERIMENTAL -DNATIVE_API_LIB_LOC=/home/paul/projects/wyrd/WyrdEngine/lib/Debug/ -DMONO_INSTALL_LOC=/usr/ -DWYRD_DEBUG -Isrc -I../Players/Player/src -I../../codegen/src/Common/include -I../../codegen/src/PlayerAPI/include -I../../Wyrd/src -I../../dependencies/GLFW/include -I../../Wyrd/vendor/glad/include -I../../dependencies/jsonxx -I../../dependencies/soil/src -I../../dependencies/imgui -I../../dependencies/glm -I../.. -I/usr/include/mono-2.0 -I../../dependencies/spdlog/include -I../../dependencies/uuid/include -I../../dependencies/Hash/include -I../../dependencies/freetype/include -m64 -g -std=c++17  -o "../../obj/Debug/Editor/NewSceneDialog.o" -MF "../../obj/Debug/Editor/NewSceneDialog.d" -c "src/views/Dialogs/NewSceneDialog.cpp"
echo NewScriptDialog.cpp
g++   -MD -MP -DWYRD_PLATFORM_LINUX -DWYRD_EDITOR_ENABLED -DGLM_ENABLE_EXPERIMENTAL -DNATIVE_API_LI 
B_LOC=/home/paul/projects/wyrd/WyrdEngine/lib/Debug/ -DMONO_INSTALL_LOC=/usr/ -DWYRD_DEBUG -Isrc -I../Players/Player/src -I../../codegen/src/Common/include -I../../codegen/src/PlayerAPI/include -I../../Wyrd/src -I../../dependencies/GLFW/include -I../../Wyrd/vendor/glad/include -I../../dependencies/jsonxx -I../../dependencies/soil/src -I../../dependencies/imgui -I../../dependencies/glm -I../.. -I/usr/include/mono-2.0 -I../../dependencies/spdlog/include -I../../dependencies/uuid/include -I../../dependencies/Hash/include -I../../dependencies/freetype/include -m64 -g -std=c++17  -o "../../obj/Debug/Editor/NewScriptDialog.o" -MF "../../obj/Debug/Editor/NewScriptDialog.d" -c "src/views/Dialogs/NewScriptDialog.cpp"
echo PreferencesDialog.cpp
g++   -MD -MP -DWYRD_PLATFORM_LINUX -DWYRD_EDITOR_ENABLED -DGLM_ENABLE_EXPERIMENTAL -DNATIVE_API_LIB_LOC=/home/paul/projects/wyrd/WyrdEngine/lib/Debug/ -DMONO_INSTALL_LOC=/usr/ -DWYRD_DEBUG -Isrc -I../Players/Player/src -I../../codegen/src/Common/include -I../../codegen/src/PlayerAPI/include -I../../Wyrd/src -I../../dependencies/GLFW/include -I../../Wyrd/vendor/glad/include -I../../dependencies/jsonxx -I../../dependencies/soil/src -I../../dependencies/imgui -I../../dependencies/glm -I../.. -I/usr/include/mono-2.0 -I../../dependencies/spdlog/include -I../../dependencies/uuid/include -I../../dependencies/Hash/include -I../../dependencies/freetype/include -m64 -g -std=c++17  -o "../../obj/Debug/Editor/PreferencesDialog.o" -MF "../../obj/Debug/Editor/PreferencesDialog.d" -c "src/views/Dialogs/PreferencesDialog.cpp"
echo SpriteSheetImporterDialog.cpp
g++   -MD -MP -DWYRD_PLATFORM_LINUX -DWYRD_EDITOR_ENABLED -DGLM_ENABLE_EXPERIMENTAL -DNATIVE_API_LIB_LOC=/home/paul/projects/wyrd/WyrdEngine/lib/Debug/ -DMONO_INSTALL_LOC=/usr/ -DWYRD_DEBUG -Isrc -I../Players/Player/src -I../../codegen/src/Common/include -I../../codegen/src/PlayerAPI/include -I../../Wyrd/src -I../../dependencies/GLFW/include -I../../Wyrd/vendor/glad/include -I../../dependencies/jsonxx -I../../dependencies/soil/src -I../../dependencies/imgui -I../../dependencies/glm -I../.. -I/usr/include/mono-2.0 -I../../dependencies/spdlog/include -I../../dependencies/uuid/include -I../../dependencies/Hash/include -I../../dependencies/freetype/include -m64 -g -std=c++17  -o "../../obj/Debug/Editor/SpriteSheetImporterDialog.o" -MF "../../obj/Debug/Editor/SpriteSheetImporterDialog.d" -c "src/views/Dialogs/SpriteSheetImporterDialog.cpp"
echo EditorViewBase.cpp
g++   -MD -MP -DWYRD_PLATFORM_LINUX -DWYRD_EDITOR_ENABLED -DGLM_ENABLE_EXPERIMENTAL -DNATIVE_API_LIB_LOC=/home/paul/projects/wyrd/WyrdEngine/lib/Debug/ -DMONO_INSTALL_LOC=/usr/ -DWYRD_DEBUG -Isrc -I../Players/Player/src -I../../codegen/src/Common/include -I../../codegen/src/PlayerAPI/include -I../../Wyrd/src -I../../dependencies/GLFW/include -I../../Wyrd/vendor/glad/include -I../../dependencies/jsonxx -I../../dependencies/soil/src -I../../dependencies/imgui -I../../dependencies/glm -I../.. -I/usr/include/mono-2.0 -I../../dependencies/spdlog/include -I../../dependencies/uuid/include -I../../dependencies/Hash/include -I../../dependencies/freetype/include -m64 -g -std=c++17  -o "../../obj/Debug/Editor/EditorViewBase.o" -MF "../../obj/Debug/Editor/EditorViewBase.d" -c "src/views/EditorViewBase.cpp"
echo EditorViewDialogBase.cpp
g++   -MD -MP -DWYRD_PLATFORM_LINUX -DWYRD_EDITOR_ENABLED -DGLM_ENABLE_EXPERIMENTAL -DNATIVE_API_LIB_LOC=/home/paul/projects/wyrd/WyrdEngine/lib/Debug/ -DMONO_INSTALL_LOC=/usr/ -DWYRD_DEBUG -Isrc -I../Players/Player/src -I../../codegen/src/Common/include -I../../codegen/src/PlayerAPI/include -I../../Wyrd/src -I../../dependencies/GLFW/include -I../../Wyrd/vendor/glad/include -I../../dependencies/jsonxx -I../../dependencies/soil/src -I../../dependencies/imgui -I../../dependencies/glm -I../.. -I/usr/include/mono-2.0 -I../../dependencies/spdlog/include -I../../dependencies/uuid/include -I../../dependencies/Hash/include -I../../dependencies/freetype/include -m64 -g -std=c++17  -o "../../obj/Debug/Editor/EditorViewDialogBase.o" -MF "../../obj/Debug/Editor/EditorViewDialogBase.d" -c "src/views/EditorViewDialogBase.cpp"
echo EntityView.cpp
g++   -MD -MP -DWYRD_PLATFORM_LINUX -DWYRD_EDITOR_ENABLED -DGLM_ENABLE_EXPERIMENTAL -DNATIVE_API_LIB_LOC=/home/paul/projects/wyrd/WyrdEngine/lib/Debug/ -DMONO_INSTALL_LOC=/usr/ -DWYRD_DEBUG -Isrc -I../Players/Player/src -I../../codegen/src/Common/include -I../../codegen/src/PlayerAPI/include -I../../Wyrd/src -I../../dependencies/GLFW/include -I../../Wyrd/vendor/glad/include -I../../dependencies/jsonxx -I../../dependencies/soil/src -I../../dependencies/imgui -I../../dependencies/glm -I../.. -I/usr/include/mono-2.0 -I../../dependencies/spdlog/include -I../../dependencies/uuid/include -I../../dependencies/Hash/include -I../../dependencies/freetype/include -m64 -g -std=c++17  -o "../../obj/Debug/Editor/EntityView.o" -MF "../../obj/Debug/Editor/EntityView.d" -c "src/views/EntityView/EntityView.cpp"
echo ExportView.cpp
g++   -MD -MP -DWYRD_PLATFORM_LINUX -DWYRD_EDITOR_ENABLED -DGLM_ENABLE_EXPERIMENTAL -DNATIVE_API_LIB_LOC=/home/paul/projects/wyrd/WyrdEngine/lib/Debug/ -DMONO_INSTALL_LOC=/usr/ -DWYRD_DEBUG -Isrc -I../Players/Player/src -I../../codegen/src/Common/include -I../../codegen/src/PlayerAPI/include -I../../Wyrd/src -I../../dependencies/GLFW/include -I../../Wyrd/vendor/glad/include -I../../dependencies/jsonxx -I../../dependencies/soil/src -I../../dependencies/imgui -I../../dependencies/glm -I../.. -I/usr/include/mono-2.0 -I../../dependencies/spdlog/include -I../../dependencies/uuid/include -I../../dependencies/Hash/include -I../../dependencies/freetype/include -m64 -g -std=c++17  -o "../../obj/Debug/Editor/ExportView.o" -MF "../../obj/Debug/Editor/ExportView.d" -c "src/views/ExportView/ExportView.cpp"
echo FileViewer.cpp
g++   -MD -MP -DWYRD_PLATFORM_LINUX -DWYRD_EDITOR_ENABLED -DGLM_ENABLE_EXPERIMENTAL -DNATIVE_API_LIB_LOC=/home/paul/projects/wyrd/WyrdEngine/lib/Debug/ -DMONO_INSTALL_LOC=/usr/ -DWYRD_DEBUG -Isrc -I../Players/Player/src -I../../codegen/src/Common/include -I../../codegen/src/PlayerAPI/include -I../../Wyrd/src -I../../dependencies/GLFW/include -I../../Wyrd/vendor/glad/include -I../../dependencies/jsonxx -I../../dependencies/soil/src -I../../dependencies/imgui -I../../dependencies/glm -I../.. -I/usr/include/mono-2.0 -I../../dependencies/spdlog/include -I../../dependencies/uuid/include -I../../dependencies/Hash/include -I../../dependencies/freetype/include -m64 -g -std=c++17  -o "../../obj/Debug/Editor/FileViewer.o" -MF "../../obj/Debug/Editor/FileViewer.d" -c "src/views/FileViewer/FileViewer.cpp"
echo GameViewer.cpp
g++   -MD -MP -DWYRD_PLATFORM_LINUX -DWYRD_EDITOR_ENABLED -DGLM_ENABLE_EXPERIMENTAL -DNATIVE_API_LIB_LOC=/home/paul/projects/wyrd/WyrdEngine/lib/Debug/ -DMONO_INSTALL_LOC=/usr/ -DWYRD_DEBUG -Isrc -I../Players/Player/src -I../../codegen/src/Common/include -I../../codegen/src/PlayerAPI/include -I../../Wyrd/src -I../../dependencies/GLFW/include -I../../Wyrd/vendor/glad/include -I../../dependencies/jsonxx -I../../dependencies/soil/src -I../../dependencies/imgui -I../../dependencies/glm -I../.. -I/usr/include/mono-2.0 -I../../dependencies/spdlog/include -I../../dependencies/uuid/include -I../../dependencies/Hash/include -I../../dependencies/freetype/include -m64 -g -std=c++17  -o "../../obj/Debug/Editor/GameViewer.o" -MF "../../obj/Debug/Editor/GameViewer.d" -c "src/views/GameViewer/GameViewer.cpp"
echo HierarchyView.cpp
g++   -MD -MP -DWYRD_PLATFORM_LINUX -DWYRD_EDITOR_ENABLED -DGLM_ENABLE_EXPERIMENTAL -DNATIVE_API_LIB_LOC=/home/paul/projects/wyrd/WyrdEngine/lib/Debug/ -DMONO_INSTALL_LOC=/usr/ -DWYRD_DEBUG -Isrc -I../Players/Player/src -I../../codegen/src/Common/include -I../../codegen/src/PlayerAPI/include -I../../Wyrd/src -I../../dependencies/GLFW/include -I../../Wyrd/vendor/glad/include -I../../dependencies/jsonxx -I../../dependencies/soil/src -I../../dependencies/imgui -I../../dependencies/glm -I../.. -I/usr/include/mono-2.0 -I../../dependencies/spdlog/include -I../../dependencies/uuid/include -I../../dependencies/Hash/include -I../../dependencies/freetype/include -m64 -g -std=c++17  -o "../../obj/Debug/Editor/HierarchyView.o" -MF "../../obj/Debug/Editor/HierarchyView.d" -c "src/views/HierarchyView/HierarchyView.cpp"
echo LayerViewer.cpp
g++   -MD -MP -DWYRD_PLATFORM_LINUX -DWYRD_EDITOR_ENABLED -DGLM_ENABLE_EXPERIMENTAL -DNATIVE_API_LIB_LOC=/home/paul/projects/wyrd/WyrdEngine/lib/Debug/ -DMONO_INSTALL_LOC=/usr/ -DWYRD_DEBUG -Isrc -I../Players/Player/src -I../../codegen/src/Common/include -I../../codegen/src/PlayerAPI/include -I../../Wyrd/src -I../../dependencies/GLFW/include -I../../Wyrd/vendor/glad/include -I../../dependencies/jsonxx -I../../dependencies/soil/src -I../../dependencies/imgui -I../../dependencies/glm -I../.. -I/usr/include/mono-2.0 -I../../dependencies/spdlog/include -I../../dependencies/uuid/include -I../../dependencies/Hash/include -I../../dependencies/freetype/include -m64 -g -std=c++17  -o "../../obj/Debug/Editor/LayerViewer.o" -MF "../../obj/Debug/Editor/LayerViewer.d" -c "src/views/LayerViewer/LayerViewer.cpp"
echo OutputView.cpp
g++   -MD -MP -DWYRD_PLATFORM_LINUX -DWYRD_EDITOR_ENABLED -DGLM_ENABLE_EXPERIMENTAL -DNATIVE_API_LIB_LOC=/home/paul/projects/wyrd/WyrdEngine/lib/Debug/ -DMONO_INSTALL_LOC=/usr/ -DWYRD_DEBUG -Isrc -I../Players/Player/src -I../../codegen/src/Common/include -I../../codegen/src/PlayerAPI/include -I../../Wyrd/src -I../../dependencies/GLFW/include -I../../Wyrd/vendor/glad/include -I../../dependencies/jsonxx -I../../dependencies/soil/src -I../../dependencies/imgui -I../../dependencies/glm -I../.. -I/usr/include/mono-2.0 -I../../dependencies/spdlog/include -I../../dependencies/uuid/include -I../../dependencies/Hash/include -I../../dependencies/freetype/include -m64 -g -std=c++17  -o "../../obj/Debug/Editor/OutputView.o" -MF "../../obj/Debug/Editor/OutputView.d" -c "src/views/OutputView/OutputView.cpp"
echo CameraComponentView.cpp
g++   -MD -MP -DWYRD_PLATFORM_LINUX -DWYRD_EDITOR_ENABLED -DGLM_ENABLE_EXPERIMENTAL -DNATIVE_API_LIB_LOC=/home/paul/projects/wyrd/WyrdEngine/lib/Debug/ -DMONO_INSTALL_LOC=/usr/ -DWYRD_DEBUG -Isrc -I../Players/Player/src -I../../codegen/src/Common/include -I../../codegen/src/PlayerAPI/include -I../../Wyrd/src -I../../dependencies/GLFW/include -I../../Wyrd/vendor/glad/include -I../../dependencies/jsonxx -I../../dependencies/soil/src -I../../dependencies/imgui -I../../dependencies/glm -I../.. -I/usr/include/mono-2.0 -I../../dependencies/spdlog/include -I../../dependencies/uuid/include -I../../dependencies/Hash/include -I../../dependencies/freetype/include -m64 -g -std=c++17  -o "../../obj/Debug/Editor/CameraComponentView.o" -MF "../../obj/Debug/Editor/CameraComponentView.d" -c "src/views/PropertiesViewer/ComponentViews/CameraComponentView.cpp"
echo ComponentViewFactory.cpp
g++   -MD -MP -DWYRD_PLATFORM_LINUX -DWYRD_EDITOR_ENABLED -DGLM_ENABLE_EXPERIMENTAL -DNATIVE_API_LIB_LOC=/home/paul/projects/wyrd/WyrdEngine/lib/Debug/ -DMONO_INSTALL_LOC=/usr/ -DWYRD_DEBUG -Isrc -I../Players/Player/src -I../../codegen/src/Common/include -I../../codegen/src/PlayerAPI/include -I../../Wyrd/src -I../../dependencies/GLFW/include -I../../Wyrd/vendor/glad/include -I../../dependencies/jsonxx -I../../dependencies/soil/src -I../../dependencies/imgui -I../../dependencies/glm -I../.. -I/usr/include/mono-2.0 -I../../dependencies/spdlog/include -I../../dependencies/uuid/include -I../../dependencies/Hash/include -I../../dependencies/freetype/include -m64 -g -std=c++17  -o "../../obj/Debug/Editor/ComponentViewFactory.o" -MF "../../obj/Debug/Editor/ComponentViewFactory.d" -c "src/views/PropertiesViewer/ComponentViews/ComponentViewFactory.cpp"
echo MetaDataComponentView.cpp
g++   -MD -MP -DWYRD_PLATFORM_LINUX -DWYRD_EDITOR_ENABLED -DGLM_ENABLE_EXPERIMENTAL -DNATIVE_API_LIB_LOC=/home/paul/projects/wyrd/WyrdEngine/lib/Debug/ -DMONO_INSTALL_LOC=/usr/ -DWYRD_DEBUG -Isrc -I../Players/Player/src -I../../codegen/src/Common/include -I../../codegen/src/PlayerAPI/include -I../../Wyrd/src -I../../dependencies/GLFW/include -I../../Wyrd/vendor/glad/include -I../../dependencies/jsonxx -I../../dependencies/soil/src -I../../dependencies/imgui -I../../dependencies/glm -I../.. -I/usr/include/mono-2.0 -I../../dependencies/spdlog/include -I../../dependencies/uuid/include -I../../dependencies/Hash/include -I../../dependencies/freetype/include -m64 -g -std=c++17  -o "../../obj/Debug/Editor/MetaDataComponentView.o" -MF "../../obj/Debug/Editor/MetaDataComponentView.d" -c "src/views/PropertiesViewer/ComponentViews/MetaDataComponentView.cpp"
echo ScriptComponentView.cpp
g++   -MD -MP -DWYRD_PLATFORM_LINUX -DWYRD_EDITOR_ENABLED -DGLM_ENABLE_EXPERIMENTAL -DNATIVE_API_LIB_LOC=/home/paul/projects/wyrd/WyrdEngine/lib/Debug/ -DMONO_INSTALL_LOC=/usr/ -DWYRD_DEBUG -Isrc -I../Players/Player/src -I../../codegen/src/Common/include -I../../codegen/src/PlayerAPI/include -I../../Wyrd/src -I../../dependencies/GLFW/include -I../../Wyrd/vendor/glad/include -I../../dependencies/jsonxx -I../../dependencies/soil/src -I../../dependencies/imgui -I../../dependencies/glm -I../.. -I/usr/include/mono-2.0 -I../../dependencies/spdlog/include -I../../dependencies/uuid/include -I../../dependencies/Hash/include -I../../dependencies/freetype/include -m64 -g -std=c++17  -o "../../obj/Debug/Editor/ScriptComponentView.o" -MF "../../obj/Debug/Editor/ScriptComponentView.d" -c "src/views/PropertiesViewer/ComponentViews/ScriptComponentView.cpp"
echo BoolPropertyView.cpp
g++   -MD -MP -DWYRD_PLATFORM_LINUX -DWYRD_EDITOR_ENABLED -DGLM_ENABLE_EXPERIMENTAL -DNATIVE_API_LIB_LOC=/home/paul/projects/wyrd/WyrdEngine/lib/Debug/ -DMONO_INSTALL_LOC=/usr/ -DWYRD_DEBUG -Isrc -I../Players/Player/src -I../../codegen/src/Common/include -I../../codegen/src/PlayerAPI/include -I../../Wyrd/src -I../../dependencies/GLFW/include -I../../Wyrd/vendor/glad/include -I../../dependencies/jsonxx -I../../dependencies/soil/src -I../../dependencies/imgui -I../../dependencies/glm -I../.. -I/usr/include/mono-2.0 -I../../dependencies/spdlog/include -I../../dependencies/uuid/include -I../../dependencies/Hash/include -I../../dependencies/freetype/include -m64 -g -std=c++17  -o "../../obj/Debug/Editor/BoolPropertyView.o" -MF "../../obj/Debug/Editor/BoolPropertyView.d" -c "src/views/PropertiesViewer/ComponentViews/ScriptProperties/BoolPropertyView.cpp"
echo ColorPropertyView.cpp
g++   -MD -MP -DWYRD_PLATFORM_LINUX -DWYRD_EDITOR_ENABLED -DGLM_ENABLE_EXPERIMENTAL -DNATIVE_API_LIB_LOC=/home/paul/projects/wyrd/WyrdEngine/lib/Debug/ -DMONO_INSTALL_LOC=/usr/ -DWYRD_DEBUG -Isrc -I../Players/Player/src -I../../codegen/src/Common/include -I../../codegen/src/PlayerAPI/include -I../../Wyrd/src -I../../dependencies/GLFW/include -I../../Wyrd/vendor/glad/include -I../../dependencies/jsonxx -I../../dependencies/soil/src -I../../dependencies/imgui -I../../dependencies/glm -I../.. -I/usr/include/mono-2.0 -I../../dependencies/spdlog/include -I../../dependencies/uuid/include -I../../dependencies/Hash/include -I../../dependencies/freetype/include -m64 -g -std=c++17  -o "../../obj/Debug/Editor/ColorPropertyView.o" -MF "../../obj/Debug/Editor/ColorPropertyView.d" -c "src/views/PropertiesViewer/ComponentViews/ScriptProperties/ColorPropertyView.cpp"
echo EntityPropertyView.cpp
g++   -MD -MP -DWYRD_PLATFORM_LINUX -DWYRD_EDITOR_ENABLED -DGLM_ENABLE_EXPERIMENTAL -DNATIVE_API_LIB_LOC=/home/paul/projects/wyrd/WyrdEngine/lib/Debug/ -DMONO_INSTALL_LOC=/usr/ -DWYRD_DEBUG -Isrc -I../Players/Player/src -I../../codegen/src/Common/include -I../../codegen/src/PlayerAPI/include -I../../Wyrd/src -I../../dependencies/GLFW/include -I../../Wyrd/vendor/glad/include -I../../dependencies/jsonxx -I../../dependencies/soil/src -I../../dependencies/imgui -I../../dependencies/glm -I../.. -I/usr/include/mono-2.0 -I../../dependencies/spdlog/include -I../../dependencies/uuid/include -I../../dependencies/Hash/include -I../../dependencies/freetype/include -m64 -g -std=c++17  -o "../../obj/Debug/Editor/EntityPropertyView.o" -MF "../../obj/Debug/Editor/EntityPropertyView.d" -c "src/views/PropertiesViewer/ComponentViews/ScriptProperties/EntityPropertyView.cpp"
echo FloatPropertyView.cpp
g++   -MD -MP -DWYRD_PLATFORM_LINUX -DWYRD_EDITOR_ENABLED -DGLM_ENABLE_EXPERIMENTAL -DNATIVE_API_LIB_LOC=/home/paul/projects/wyrd/WyrdEngine/lib/Debug/ -DMONO_INSTALL_LOC=/usr/ -DWYRD_DEBUG -Isrc -I../Players/Player/src -I../../codegen/src/Common/include -I../../codegen/src/PlayerAPI/include -I../../Wyrd/src -I../../dependencies/GLFW/include -I../../Wyrd/vendor/glad/include -I../../dependencies/jsonxx -I../../dependencies/soil/src -I../../dependencies/imgui -I../../dependencies/glm -I../.. -I/usr/include/mono-2.0 -I../../dependencies/spdlog/include -I../../dependencies/uuid/include -I../../dependencies/Hash/include -I../../dependencies/freetype/include -m64 -g -std=c++17  -o "../../obj/Debug/Editor/FloatPropertyView.o" -MF "../../obj/Debug/Editor/FloatPropertyView.d" -c "src/views/PropertiesViewer/ComponentViews/ScriptProperties/FloatPropertyView.cpp"
echo IntPropertyView.cpp
g++   -MD -MP -DWYRD_PLATFORM_LINUX -DWYRD_EDITOR_ENABLED -DGLM_ENABLE_EXPERIMENTAL -DNATIVE_API_LIB_LOC=/home/paul/projects/wyrd/WyrdEngine/lib/Debug/ -DMONO_INSTALL_LOC=/usr/ -DWYRD_DEBUG -Isrc -I../Players/Player/src -I../../codegen/src/Common/include -I../../codegen/src/PlayerAPI/include -I../../Wyrd/src -I../../dependencies/GLFW/include -I../../Wyrd/vendor/glad/include -I../../dependencies/jsonxx -I../../dependencies/soil/src -I../../dependencies/imgui -I../../dependencies/glm -I../.. -I/usr/include/mono-2.0 -I../../dependencies/spdlog/include -I../../dependencies/uuid/include -I../../dependencies/Hash/include -I../../dependencies/freetype/include -m64 -g -std=c++17  -o "../../obj/Debug/Editor/IntPropertyView.o" -MF "../../obj/Debug/Editor/IntPropertyView.d" -c "src/views/PropertiesViewer/ComponentViews/ScriptProperties/IntPropertyView.cpp"
echo ScriptPropertyViewFactory.cpp
g++   -MD -MP -DWYRD_PLATFORM_LINUX -DWYRD_EDITOR_ENABLED -DGLM_ENABLE_EXPERIMENTAL -DNATIVE_API_LIB_LOC=/home/paul/projects/wyrd/WyrdEngine/lib/Debug/ -DMONO_INSTALL_LOC=/usr/ -DWYRD_DEBUG -Isrc -I../Players/Player/src -I../../codegen/src/Common/include -I../../codegen/src/PlayerAPI/include -I../../Wyrd/src -I../../dependencies/GLFW/include -I../../Wyrd/vendor/glad/include -I../../dependencies/jsonxx -I../../dependencies/soil/src -I../../dependencies/imgui -I../../dependencies/glm -I../.. -I/usr/include/mono-2.0 -I../../dependencies/spdlog/include -I../../dependencies/uuid/include -I../../dependencies/Hash/include -I../../dependencies/freetype/include -m64 -g -std=c++17  -o "../../obj/Debug/Editor/ScriptPropertyViewFactory.o" -MF "../../obj/Debug/Editor/ScriptPropertyViewFactory.d" -c "src/views/PropertiesViewer/ComponentViews/ScriptProperties/ScriptPropertyViewFactory.cpp"
echo StringPropertyView.cpp
g++   -MD -MP -DWYRD_PLATFORM_LINUX -DWYRD_EDITOR_ENABLED -DGLM_ENABLE_EXPERIMENTAL -DNATIVE_API_LIB_LOC=/home/paul/projects/wyrd/WyrdEngine/lib/Debug/ -DMONO_INSTALL_LOC=/usr/ -DWYRD_DEBUG -Isrc -I../Players/Player/src -I../../codegen/src/Common/include -I../../codegen/src/PlayerAPI/include -I../../Wyrd/src -I../../dependencies/GLFW/include -I../../Wyrd/vendor/glad/include -I../../dependencies/jsonxx -I../../dependencies/soil/src -I../../dependencies/imgui -I../../dependencies/glm -I../.. -I/usr/include/mono-2.0 -I../../dependencies/spdlog/include -I../../dependencies/uuid/include -I../../dependencies/Hash/include -I../../dependencies/freetype/include -m64 -g -std=c++17  -o "../../obj/Debug/Editor/StringPropertyView.o" -MF "../../obj/Debug/Editor/StringPropertyView.d" -c "src/views/PropertiesViewer/ComponentViews/ScriptProperties/StringPropertyView.cpp"
echo TexturePropertyView.cpp
g++   -MD -MP -DWYRD_PLATFORM_LINUX -DWYRD_EDITOR_ENABLED -DGLM_ENABLE_EXPERIMENTAL -DNATIVE_API_LIB_LOC=/home/paul/projects/wyrd/WyrdEngine/lib/Debug/ -DMONO_INSTALL_LOC=/usr/ -DWYRD_DEBUG -Isrc -I../Players/Player/src -I../../codegen/src/Common/include -I../../codegen/src/PlayerAPI/include -I../../Wyrd/src -I../../dependencies/GLFW/include -I../../Wyrd/vendor/glad/include -I../../dependencies/jsonxx -I../../dependencies/soil/src -I../../dependencies/imgui -I../../dependencies/glm -I../.. -I/usr/include/mono-2.0 -I../../dependencies/spdlog/include -I../../dependencies/uuid/include -I../../dependencies/Hash/include -I../../dependencies/freetype/include -m64 -g -std=c++17  -o "../../obj/Debug/Editor/TexturePropertyView.o" -MF "../../obj/Debug/Editor/TexturePropertyView.d" -c "src/views/PropertiesViewer/ComponentViews/ScriptProperties/TexturePropertyView.cpp"
echo Vector2PropertyView.cpp
g++   -MD -MP -DWYRD_PLATFORM_LINUX -DWYRD_EDITOR_ENABLED -DGLM_ENABLE_EXPERIMENTAL -DNATIVE_API_LIB_LOC=/home/paul/projects/wyrd/WyrdEngine/lib/Debug/ -DMONO_INSTALL_LOC=/usr/ -DWYRD_DEBUG -Isrc -I../Players/Player/src -I../../codegen/src/Common/include -I../../codegen/src/PlayerAPI/include -I../../Wyrd/src -I../../dependencies/GLFW/include -I../../Wyrd/vendor/glad/include -I../../dependencies/jsonxx -I../../dependencies/soil/src -I../../dependencies/imgui -I../../dependencies/glm -I../.. -I/usr/include/mono-2.0 -I../../dependencies/spdlog/include -I../../dependencies/uuid/include -I../../dependencies/Hash/include -I../../dependencies/freetype/include -m64 -g -std=c++17  -o "../../obj/Debug/Editor/Vector2PropertyView.o" -MF "../../obj/Debug/Editor/Vector2PropertyView.d" -c "src/views/PropertiesViewer/ComponentViews/ScriptProperties/Vector2PropertyView.cpp"
echo Vector3PropertyView.cpp
g++   -MD -MP -DWYRD_PLATFORM_LINUX -DWYRD_EDITOR_ENABLED -DGLM_ENABLE_EXPERIMENTAL -DNATIVE_API_LIB_LOC=/home/paul/projects/wyrd/WyrdEngine/lib/Debug/ -DMONO_INSTALL_LOC=/usr/ -DWYRD_DEBUG -Isrc -I../Players/Player/src -I../../codegen/src/Common/include -I../../codegen/src/PlayerAPI/include -I../../Wyrd/src -I../../dependencies/GLFW/include -I../../Wyrd/vendor/glad/include -I../../dependencies/jsonxx -I../../dependencies/soil/src -I../../dependencies/imgui -I../../dependencies/glm -I../.. -I/usr/include/mono-2.0 -I../../dependencies/spdlog/include -I../../dependencies/uuid/include -I../../dependencies/Hash/include -I../../dependencies/freetype/include -m64 -g -std=c++17  -o "../../obj/Debug/Editor/Vector3PropertyView.o" -MF "../../obj/Debug/Editor/Vector3PropertyView.d" -c "src/views/PropertiesViewer/ComponentViews/ScriptProperties/Vector3PropertyView.cpp"
echo SpriteComponentView.cpp
g++   -MD -MP -DWYRD_PLATFORM_LINUX -DWYRD_EDITOR_ENABLED -DGLM_ENABLE_EXPERIMENTAL -DNATIVE_API_LIB_LOC=/home/paul/projects/wyrd/WyrdEngine/lib/Debug/ -DMONO_INSTALL_LOC=/usr/ -DWYRD_DEBUG -Isrc -I../Players/Player/src -I../../codegen/src/Common/include -I../../codegen/src/PlayerAPI/include -I../../Wyrd/src -I../../dependencies/GLFW/include -I../../Wyrd/vendor/glad/include -I../../dependencies/jsonxx -I../../dependencies/soil/src -I../../dependencies/imgui -I../../dependencies/glm -I../.. -I/usr/include/mono-2.0 -I../../dependencies/spdlog/include -I../../dependencies/uuid/include -I../../dependencies/Hash/include -I../../dependencies/freetype/include -m64 -g -std=c++17  -o "../../obj/Debug/Editor/SpriteComponentView.o" -MF "../../obj/Debug/Editor/SpriteComponentView.d" -c "src/views/PropertiesViewer/ComponentViews/SpriteComponentView.cpp"
echo TextComponentView.cpp
g++   -MD -MP -DWYRD_PLATFORM_LINUX -DWYRD_EDITOR_ENABLED -DGLM_ENABLE_EXPERIMENTAL -DNATIVE_API_LIB_LOC=/home/paul/projects/wyrd/WyrdEngine/lib/Debug/ -DMONO_INSTALL_LOC=/usr/ -DWYRD_DEBUG -Isrc -I../Players/Player/src -I../../codegen/src/Common/include -I../../codegen/src/PlayerAPI/include -I../../Wyrd/src -I../../dependencies/GLFW/include -I../../Wyrd/vendor/glad/include -I../../dependencies/jsonxx -I../../dependencies/soil/src -I../../dependencies/imgui -I../../dependencies/glm -I../.. -I/usr/include/mono-2.0 -I../../dependencies/spdlog/include -I../../dependencies/uuid/include -I../../dependencies/Hash/include -I../../dependencies/freetype/include -m64 -g -std=c++17  -o "../../obj/Debug/Editor/TextComponentView.o" -MF "../../obj/Debug/Editor/TextComponentView.d" -c "src/views/PropertiesViewer/ComponentViews/TextComponentView.cpp"
echo Transform2DComponentView.cpp
g++   -MD -MP -DWYRD_PLATFORM_LINUX -DWYRD_EDITOR_ENABLED -DGLM_ENABLE_EXPERIMENTAL -DNATIVE_API_LIB_LOC=/home/paul/projects/wyrd/WyrdEngine/lib/Debug/ -DMONO_INSTALL_LOC=/usr/ -DWYRD_DEBUG -Isrc -I../Players/Player/src -I../../codegen/src/Common/include -I../../codegen/src/PlayerAPI/include -I../../Wyrd/src -I../../dependencies/GLFW/include -I../../Wyrd/vendor/glad/include -I../../dependencies/jsonxx -I../../dependencies/soil/src -I../../dependencies/imgui -I../../dependencies/glm -I../.. -I/usr/include/mono-2.0 -I../../dependencies/spdlog/include -I../../dependencies/uuid/include -I../../dependencies/Hash/include -I../../dependencies/freetype/include -m64 -g -std=c++17  -o "../../obj/Debug/Editor/Transform2DComponentView.o" -MF "../../obj/Debug/Editor/Transform2DComponentView.d" -c "src/views/PropertiesViewer/ComponentViews/Transform2DComponentView.cpp"
echo PropertiesViewer.cpp
g++   -MD -MP -DWYRD_PLATFORM_LINUX -DWYRD_EDITOR_ENABLED -DGLM_ENABLE_EXPERIMENTAL -DNATIVE_API_LIB_LOC=/home/paul/projects/wyrd/WyrdEngine/lib/Debug/ -DMONO_INSTALL_LOC=/usr/ -DWYRD_DEBUG -Isrc -I../Players/Player/src -I../../codegen/src/Common/include -I../../codegen/src/PlayerAPI/include -I../../Wyrd/src -I../../dependencies/GLFW/include -I../../Wyrd/vendor/glad/include -I../../dependencies/jsonxx -I../../dependencies/soil/src -I../../dependencies/imgui -I../../dependencies/glm -I../.. -I/usr/include/mono-2.0 -I../../dependencies/spdlog/include -I../../dependencies/uuid/include -I../../dependencies/Hash/include -I../../dependencies/freetype/include -m64 -g -std=c++17  -o "../../obj/Debug/Editor/PropertiesViewer.o" -MF "../../obj/Debug/Editor/PropertiesViewer.d" -c "src/views/PropertiesViewer/PropertiesViewer.cpp"
echo ResourceViewer.cpp
g++   -MD -MP -DWYRD_PLATFORM_LINUX -DWYRD_EDITOR_ENABLED -DGLM_ENABLE_EXPERIMENTAL -DNATIVE_API_LIB_LOC=/home/paul/projects/wyrd/WyrdEngine/lib/Debug/ -DMONO_INSTALL_LOC=/usr/ -DWYRD_DEBUG -Isrc -I../Players/Player/src -I../../codegen/src/Common/include -I../../codegen/src/PlayerAPI/include -I../../Wyrd/src -I../../dependencies/GLFW/include -I../../Wyrd/vendor/glad/include -I../../dependencies/jsonxx -I../../dependencies/soil/src -I../../dependencies/imgui -I../../dependencies/glm -I../.. -I/usr/include/mono-2.0 -I../../dependencies/spdlog/include -I../../dependencies/uuid/include -I../../dependencies/Hash/include -I../../dependencies/freetype/include -m64 -g -std=c++17  -o "../../obj/Debug/Editor/ResourceViewer.o" -MF "../../obj/Debug/Editor/ResourceViewer.d" -c "src/views/ResourceViewer/ResourceViewer.cpp"
echo SceneViewer.cpp
g++   -MD -MP -DWYRD_PLATFORM_LINUX -DWYRD_EDITOR_ENABLED -DGLM_ENABLE_EXPERIMENTAL -DNATIVE_API_LIB_LOC=/home/paul/projects/wyrd/WyrdEngine/lib/Debug/ -DMONO_INSTALL_LOC=/usr/ -DWYRD_DEBUG -Isrc -I../Players/Player/src -I../../codegen/src/Common/include -I../../codegen/src/PlayerAPI/include -I../../Wyrd/src -I../../dependencies/GLFW/include -I../../Wyrd/vendor/glad/include -I../../dependencies/jsonxx -I../../dependencies/soil/src -I../../dependencies/imgui -I../../dependencies/glm -I../.. -I/usr/include/mono-2.0 -I../../dependencies/spdlog/include -I../../dependencies/uuid/include -I../../dependencies/Hash/include -I../../dependencies/freetype/include -m64 -g -std=c++17  -o "../../obj/Debug/Editor/SceneViewer.o" -MF "../../obj/Debug/Editor/SceneViewer.d" -c "src/views/SceneViewer/SceneViewer.cpp"
echo PrimaryEditorToolbar.cpp
g++   -MD -MP -DWYRD_PLATFORM_LINUX -DWYRD_EDITOR_ENABLED -DGLM_ENABLE_EXPERIMENTAL -DNATIVE_API_LIB_LOC=/home/paul/projects/wyrd/WyrdEngine/lib/Debug/ -DMONO_INSTALL_LOC=/usr/ -DWYRD_DEBUG -Isrc -I../Players/Player/src -I../../codegen/src/Common/include -I../../codegen/src/PlayerAPI/include -I../../Wyrd/src -I../../dependencies/GLFW/include -I../../Wyrd/vendor/glad/include -I../../dependencies/jsonxx -I../../dependencies/soil/src -I../../dependencies/imgui -I../../dependencies/glm -I../.. -I/usr/include/mono-2.0 -I../../dependencies/spdlog/include -I../../dependencies/uuid/include -I../../dependencies/Hash/include -I../../dependencies/freetype/include -m64 -g -std=c++17  -o "../../obj/Debug/Editor/PrimaryEditorToolbar.o" -MF "../../obj/Debug/Editor/PrimaryEditorToolbar.d" -c "src/views/Toolbars/PrimaryEditorToolbar.cpp"
echo SimulationToolbar.cpp
g++   -MD -MP -DWYRD_PLATFORM_LINUX -DWYRD_EDITOR_ENABLED -DGLM_ENABLE_EXPERIMENTAL -DNATIVE_API_LIB_LOC=/home/paul/projects/wyrd/WyrdEngine/lib/Debug/ -DMONO_INSTALL_LOC=/usr/ -DWYRD_DEBUG -Isrc -I../Players/Player/src -I../../codegen/src/Common/include -I../../codegen/src/PlayerAPI/include -I../../Wyrd/src -I../../dependencies/GLFW/include -I../../Wyrd/vendor/glad/include -I../../dependencies/jsonxx -I../../dependencies/soil/src -I../../dependencies/imgui -I../../dependencies/glm -I../.. -I/usr/include/mono-2.0 -I../../dependencies/spdlog/include -I../../dependencies/uuid/include -I../../dependencies/Hash/include -I../../dependencies/freetype/include -m64 -g -std=c++17  -o "../../obj/Debug/Editor/SimulationToolbar.o" -MF "../../obj/Debug/Editor/SimulationToolbar.d" -c "src/views/Toolbars/SimulationToolbar.cpp"
echo Creating ../../bin/Debug/Editor
mkdir -p ../../bin/Debug/Editor
echo Linking Editor
g++ -o "../../bin/Debug/Editor/Editor" ../../obj/Debug/Editor/OrthographicCameraController.o ../../obj/Debug/Editor/Project.o ../../obj/Debug/Editor/FontTypeRes.o ../../obj/Debug/Editor/Resource.o ../../obj/Debug/Editor/SceneRes.o ../../obj/Debug/Editor/ScriptRes.o ../../obj/Debug/Editor/TextureRes.o ../../obj/Debug/Editor/ExportManager.o ../../obj/Debug/Editor/Translation2DGizmo.o ../../obj/Debug/Editor/Gizmo.o ../../obj/Debug/Editor/GizmoHandle.o ../../obj/Debug/Editor/GridGizmo.o ../../obj/Debug/Editor/TranslationGizmo.o ../../obj/Debug/Editor/EditorLayer.o ../../obj/Debug/Editor/RenderDocLayer.o ../../obj/Debug/Editor/AssetCacheLoader.o ../../obj/Debug/Editor/IconSetLoader.o ../../obj/Debug/Editor/ObjLoader.o ../../obj/Debug/Editor/ProjectLoader.o ../../obj/Debug/Editor/SceneLoader.o ../../obj/Debug/Editor/SpriteSheetLoader.o ../../obj/Debug/Editor/TextureLoader.o ../../obj/Debug/Editor/main.o ../../obj/Debug/Editor/EditorSceneManager.o ../../obj/Debug/Editor/imgui_opengl_renderer.o ../../obj/Debug/Editor/CoreSystemsService.o ../../obj/Debug/Editor/DialogService.o ../../obj/Debug/Editor/EventsService.o ../../obj/Debug/Editor/ResourceService.o ../../obj/Debug/Editor/ServiceManager.o ../../obj/Debug/Editor/SettingsService.o ../../obj/Debug/Editor/SimulationService.o ../../obj/Debug/Editor/WorkspaceService.o ../../obj/Debug/Editor/BinPacker.o ../../obj/Debug/Editor/FileWatcher.o ../../obj/Debug/Editor/IconLibrary.o ../../obj/Debug/Editor/ImGuiUtils.o ../../obj/Debug/Editor/IniParser.o ../../obj/Debug/Editor/RelationshipHelperFuncs.o ../../obj/Debug/Editor/Utils.o ../../obj/Debug/Editor/AssetViewer.o ../../obj/Debug/Editor/ConfirmationDialog.o ../../obj/Debug/Editor/NewProjectDialog.o ../../obj/Debug/Editor/NewSceneDialog.o ../../obj/Debug/Editor/NewScriptDialog.o ../../obj/Debug/Editor/PreferencesDialog.o ../../obj/Debug/Editor/SpriteSheetImporterDialog.o ../../obj/Debug/Editor/EditorViewBase.o ../../obj/Debug/Editor/EditorViewDialogBase.o ../../obj/Debug/Editor/EntityView.o ../../obj/Debug/Editor/ExportView.o ../../obj/Debug/Editor/FileViewer.o ../../obj/Debug/Editor/GameViewer.o ../../obj/Debug/Editor/HierarchyView.o ../../obj/Debug/Editor/LayerViewer.o ../../obj/Debug/Editor/OutputView.o ../../obj/Debug/Editor/CameraComponentView.o ../../obj/Debug/Editor/ComponentViewFactory.o ../../obj/Debug/Editor/MetaDataComponentView.o ../../obj/Debug/Editor/ScriptComponentView.o ../../obj/Debug/Editor/BoolPropertyView.o ../../obj/Debug/Editor/ColorPropertyView.o ../../obj/Debug/Editor/EntityPropertyView.o ../../obj/Debug/Editor/FloatPropertyView.o ../../obj/Debug/Editor/IntPropertyView.o ../../obj/Debug/Editor/ScriptPropertyViewFactory.o ../../obj/Debug/Editor/StringPropertyView.o ../../obj/Debug/Editor/TexturePropertyView.o ../../obj/Debug/Editor/Vector2PropertyView.o ../../obj/Debug/Editor/Vector3PropertyView.o ../../obj/Debug/Editor/SpriteComponentView.o ../../obj/Debug/Editor/TextComponentView.o ../../obj/Debug/Editor/Transform2DComponentView.o ../../obj/Debug/Editor/PropertiesViewer.o ../../obj/Debug/Editor/ResourceViewer.o ../../obj/Debug/Editor/SceneViewer.o ../../obj/Debug/Editor/PrimaryEditorToolbar.o ../../obj/Debug/Editor/SimulationToolbar.o    -L../../buildsystem/linux/bin/Debug/glad -L../../buildsystem/linux/bin/Debug/jsonxx -L/usr/lib64 -m64 ../../lib/Debug/Wyrd/libWyrd.a ../../buildsystem/linux/bin/Debug/glad/libglad.a ../../buildsystem/linux/bin/Debug/imgui/libimgui.a ../../buildsystem/linux/bin/Debug/jsonxx/libjsonxx.a -lglfw3 -lSOIL -lcrossguid -luuid -lfreetype -lmono-2.0 -ldl -lpthread
:
make: Leaving directory '/home/paul/projects/wyrd/WyrdEngine'
 
